Removed Pin From Net: NetName=ENC_A Pin=P4-1
Removed Pin From Net: NetName=ENC_B Pin=P4-2
Removed Pin From Net: NetName=TMC_DRV_ENN Pin=U1-9
Removed Pin From Net: NetName=SPI_MODE Pin=U1-10
Removed Pin From Net: NetName=SD_MODE Pin=U1-11
Removed Pin From Net: NetName=TMC_PWM Pin=U1-12
Removed Pin From Net: NetName=TMC_SCK Pin=U1-13
Removed Pin From Net: NetName=TMC_MISO Pin=U1-14
Removed Pin From Net: NetName=TMC_MOS Pin=U1-15
Removed Pin From Net: NetName=TMC_CS Pin=U1-16
Removed Pin From Net: NetName=TMC_DIR Pin=U1-24
Removed Pin From Net: NetName=ENC_CS Pin=U1-25
Removed Pin From Net: NetName=ENC_SCK Pin=U1-26
Removed Pin From Net: NetName=ENC_MISO Pin=U1-27
Removed Pin From Net: NetName=ENC_MOSI Pin=U1-28
Removed Pin From Net: NetName=CAN_FD_RX Pin=U1-46
Change Component Footprint: Designator=S1 Old Footprint=B3U1000PB New Footprint=B3U3000P
Change Component Footprint: Designator=S2 Old Footprint=B3U1000PB New Footprint=B3U3000P
Change Component Comment : Designator=S1 Old Comment=B3U1000PB New Comment=B3U3000P
Change Component Comment : Designator=S2 Old Comment=B3U1000PB New Comment=B3U3000P
Change component parameters: Designator = "C10" ("C10"); Footprint = "0402"; UniqueID = "\DBSIYKDP" ("\DBSIYKDP")
Change component parameters (AddParameter): Name = "BOMString"; Value = " 1 µF 16V ±10% 0402"; VariantName = "[No Variations]"
Change component parameters (AddParameter): Name = "Capacitance"; Value = " 1 µF"; VariantName = "[No Variations]"
Change component parameters (AddParameter): Name = "Dielectric"; Value = "X5R"; VariantName = "[No Variations]"
Change component parameters (AddParameter): Name = "HelpURL"; Value = ""; VariantName = "[No Variations]"
Change component parameters (AddParameter): Name = "HQ Part"; Value = ""; VariantName = "[No Variations]"
Change component parameters (AddParameter): Name = "Manufacturer"; Value = "Yageo"; VariantName = "[No Variations]"
Change component parameters (AddParameter): Name = "Name"; Value = "CC0402KRX5R7BB105"; VariantName = "[No Variations]"
Change component parameters (AddParameter): Name = "Supplier"; Value = ""; VariantName = "[No Variations]"
Change component parameters (AddParameter): Name = "Tolerance"; Value = "±10%"; VariantName = "[No Variations]"
Change component parameters (AddParameter): Name = "Voltage"; Value = "16V"; VariantName = "[No Variations]"
Change component parameters: Designator = "C12" ("C12"); Footprint = "0402"; UniqueID = "\HFSFIPEZ" ("\HFSFIPEZ")
Change component parameters (AddParameter): Name = "BOMString"; Value = " 1 µF 16V ±10% 0402"; VariantName = "[No Variations]"
Change component parameters (AddParameter): Name = "Capacitance"; Value = " 1 µF"; VariantName = "[No Variations]"
Change component parameters (AddParameter): Name = "Dielectric"; Value = "X5R"; VariantName = "[No Variations]"
Change component parameters (AddParameter): Name = "HelpURL"; Value = ""; VariantName = "[No Variations]"
Change component parameters (AddParameter): Name = "HQ Part"; Value = ""; VariantName = "[No Variations]"
Change component parameters (AddParameter): Name = "Manufacturer"; Value = "Yageo"; VariantName = "[No Variations]"
Change component parameters (AddParameter): Name = "Name"; Value = "CC0402KRX5R7BB105"; VariantName = "[No Variations]"
Change component parameters (AddParameter): Name = "Supplier"; Value = ""; VariantName = "[No Variations]"
Change component parameters (AddParameter): Name = "Tolerance"; Value = "±10%"; VariantName = "[No Variations]"
Change component parameters (AddParameter): Name = "Voltage"; Value = "16V"; VariantName = "[No Variations]"
Change component parameters: Designator = "S1" ("S1"); Footprint = "B3U1000PB"; UniqueID = "\GRSWWBGL" ("\GRSWWBGL")
Change component parameters (AddParameter): Name = "BOMString"; Value = "B3U3000P"; VariantName = "[No Variations]"
Change component parameters (AddParameter): Name = "Datasheet"; Value = "http://www.te.com/usa-en/product-1437566-3.html"; VariantName = "[No Variations]"
Change component parameters (AddParameter): Name = "Name"; Value = "B3U3000P"; VariantName = "[No Variations]"
Change component parameters (AddParameter): Name = "Price(1)"; Value = "0.218"; VariantName = "[No Variations]"
Change component parameters (AddParameter): Name = "Price(100)"; Value = "0.1817"; VariantName = "[No Variations]"
Change component parameters (AddParameter): Name = "Supplier"; Value = "http://www.compel.ru/infosheet/TE/1437566-3"; VariantName = "[No Variations]"
Change component parameters (AddParameter): Name = "Value"; Value = "B3U3000P"; VariantName = "[No Variations]"
Change component parameters: Designator = "S2" ("S2"); Footprint = "B3U1000PB"; UniqueID = "\MXHPRHRD" ("\MXHPRHRD")
Change component parameters (AddParameter): Name = "BOMString"; Value = "B3U3000P"; VariantName = "[No Variations]"
Change component parameters (AddParameter): Name = "Datasheet"; Value = "http://www.te.com/usa-en/product-1437566-3.html"; VariantName = "[No Variations]"
Change component parameters (AddParameter): Name = "Name"; Value = "B3U3000P"; VariantName = "[No Variations]"
Change component parameters (AddParameter): Name = "Price(1)"; Value = "0.218"; VariantName = "[No Variations]"
Change component parameters (AddParameter): Name = "Price(100)"; Value = "0.1817"; VariantName = "[No Variations]"
Change component parameters (AddParameter): Name = "Supplier"; Value = "http://www.compel.ru/infosheet/TE/1437566-3"; VariantName = "[No Variations]"
Change component parameters (AddParameter): Name = "Value"; Value = "B3U3000P"; VariantName = "[No Variations]"
Added Pin To Net: NetName=ENC_B Pin=P4-1
Added Pin To Net: NetName=ENC_A Pin=P4-2
Added Pin To Net: NetName=ENC_I Pin=U1-9
Added Pin To Net: NetName=ENC_A Pin=U1-10
Added Pin To Net: NetName=ENC_B Pin=U1-11
Added Pin To Net: NetName=TMC_DRV_ENN Pin=U1-12
Added Pin To Net: NetName=SPI_MODE Pin=U1-13
Added Pin To Net: NetName=SD_MODE Pin=U1-14
Added Pin To Net: NetName=TMC_DIR Pin=U1-15
Added Pin To Net: NetName=TMC_PWM Pin=U1-24
Added Pin To Net: NetName=TMC_MOS Pin=U1-25
Added Pin To Net: NetName=TMC_SCK Pin=U1-26
Added Pin To Net: NetName=TMC_MISO Pin=U1-27
Added Pin To Net: NetName=TMC_CS Pin=U1-28
Added Pin To Net: NetName=ENC_CS Pin=U1-29
Added Pin To Net: NetName=ENC_SCK Pin=U1-39
Added Pin To Net: NetName=ENC_MISO Pin=U1-40
Added Pin To Net: NetName=ENC_MOSI Pin=U1-43
Added Pin To Net: NetName=PB8_BOOT0 Pin=U1-46
