Removed Pin From Net: NetName=GND Pin=C?-2
Removed Member From Class: ClassName=Power_Supply Member=C?
Removed Member From Class: ClassName=Power_Supply Member=D?
Removed Member From Class: ClassName=Logic Member=L1
Removed Member From Class: ClassName=Power_Supply Member=R?
Change Component Footprint: Designator=R21 Old Footprint=0402 New Footprint=2512
Change Component Footprint: Designator=R22 Old Footprint=0402 New Footprint=2512
Change Component Comment : Designator=R21 Old Comment=0.75 Ohm 1/8 W  New Comment=0.05 Ohm 1/8 W 
Change Component Comment : Designator=R22 Old Comment=0.75 Ohm 1/8 W  New Comment=0.05 Ohm 1/8 W 
Change Component Comment : Designator=R? Old Comment=10 kOhm 1/8 W  New Comment=9.09 kOhm 1/8 W 
Change Component Comment : Designator=L? Old Comment=27uH 0,72 A ±20% New Comment=22uH 0,72 A ±20%
Change Component Comment : Designator=R? Old Comment=54,9 kOhm 1/16 W  New Comment=100 kOhm 1/16 W 
Change Component Designator: OldDesignator=L? NewDesignator=L3
Change Component Designator: OldDesignator=MTH? NewDesignator=MTH1
Change Component Designator: OldDesignator=MTH? NewDesignator=MTH2
Change Component Designator: OldDesignator=MTH? NewDesignator=MTH3
Change Component Designator: OldDesignator=MTH? NewDesignator=MTH4
Change Component Designator: OldDesignator=R? NewDesignator=R11
Change Component Designator: OldDesignator=R? NewDesignator=R12
Change Component Designator: OldDesignator=R? NewDesignator=R15
Change Component Designator: OldDesignator=R? NewDesignator=R16
Change Component Designator: OldDesignator=R? NewDesignator=R23
Change Component Designator: OldDesignator=R? NewDesignator=R24
Change Component Designator: OldDesignator=R? NewDesignator=R25
Change Component Designator: OldDesignator=R? NewDesignator=R26
Change Component Designator: OldDesignator=R? NewDesignator=R27
Change component parameters: Designator = "C7" ("C7"); Footprint = "0201"; UniqueID = "\DBSIYKDP" ("\DBSIYKDP")
Change component parameters (AddParameter): Name = "BOMString"; Value = " 1 µF 16V ±20% 0201"; VariantName = "[No Variations]"
Change component parameters (AddParameter): Name = "Capacitance"; Value = " 1 µF"; VariantName = "[No Variations]"
Change component parameters (AddParameter): Name = "Dielectric"; Value = "X5R"; VariantName = "[No Variations]"
Change component parameters (AddParameter): Name = "HelpURL"; Value = ""; VariantName = "[No Variations]"
Change component parameters (AddParameter): Name = "HQ Part"; Value = "CA0134517"; VariantName = "[No Variations]"
Change component parameters (AddParameter): Name = "Manufacturer"; Value = "Murata"; VariantName = "[No Variations]"
Change component parameters (AddParameter): Name = "Name"; Value = "GRM033R61C105ME15D"; VariantName = "[No Variations]"
Change component parameters (AddParameter): Name = "Supplier"; Value = ""; VariantName = "[No Variations]"
Change component parameters (AddParameter): Name = "Tolerance"; Value = "±20%"; VariantName = "[No Variations]"
Change component parameters (AddParameter): Name = "Voltage"; Value = "16V"; VariantName = "[No Variations]"
Change component parameters: Designator = "C16" ("C16"); Footprint = "0603"; UniqueID = "\JOEIDPKC" ("\JOEIDPKC")
Change component parameters (AddParameter): Name = "BOMString"; Value = " 1 µF 10V ±10% 0603"; VariantName = "[No Variations]"
Change component parameters (AddParameter): Name = "Capacitance"; Value = " 1 µF"; VariantName = "[No Variations]"
Change component parameters (AddParameter): Name = "Dielectric"; Value = "X5R"; VariantName = "[No Variations]"
Change component parameters (AddParameter): Name = "HelpURL"; Value = ""; VariantName = "[No Variations]"
Change component parameters (AddParameter): Name = "HQ Part"; Value = "CA0134517"; VariantName = "[No Variations]"
Change component parameters (AddParameter): Name = "Manufacturer"; Value = "Murata"; VariantName = "[No Variations]"
Change component parameters (AddParameter): Name = "Name"; Value = "GRM188R61A105KA61D"; VariantName = "[No Variations]"
Change component parameters (AddParameter): Name = "Supplier"; Value = ""; VariantName = "[No Variations]"
Change component parameters (AddParameter): Name = "Tolerance"; Value = "±10%"; VariantName = "[No Variations]"
Change component parameters (AddParameter): Name = "Voltage"; Value = "10V"; VariantName = "[No Variations]"
Change component parameters: Designator = "C17" ("C17"); Footprint = "0603"; UniqueID = "\LAUVWDGH" ("\LAUVWDGH")
Change component parameters (AddParameter): Name = "BOMString"; Value = " 1 µF 10V ±10% 0603"; VariantName = "[No Variations]"
Change component parameters (AddParameter): Name = "Capacitance"; Value = " 1 µF"; VariantName = "[No Variations]"
Change component parameters (AddParameter): Name = "Dielectric"; Value = "X5R"; VariantName = "[No Variations]"
Change component parameters (AddParameter): Name = "HelpURL"; Value = ""; VariantName = "[No Variations]"
Change component parameters (AddParameter): Name = "HQ Part"; Value = "CA0134517"; VariantName = "[No Variations]"
Change component parameters (AddParameter): Name = "Manufacturer"; Value = "Murata"; VariantName = "[No Variations]"
Change component parameters (AddParameter): Name = "Name"; Value = "GRM188R61A105KA61D"; VariantName = "[No Variations]"
Change component parameters (AddParameter): Name = "Supplier"; Value = ""; VariantName = "[No Variations]"
Change component parameters (AddParameter): Name = "Tolerance"; Value = "±10%"; VariantName = "[No Variations]"
Change component parameters (AddParameter): Name = "Voltage"; Value = "10V"; VariantName = "[No Variations]"
Change component parameters: Designator = "C20" ("C20"); Footprint = "0603"; UniqueID = "\FSSOLDPH" ("\FSSOLDPH")
Change component parameters (AddParameter): Name = "BOMString"; Value = " 1 µF 10V ±10% 0603"; VariantName = "[No Variations]"
Change component parameters (AddParameter): Name = "Capacitance"; Value = " 1 µF"; VariantName = "[No Variations]"
Change component parameters (AddParameter): Name = "Dielectric"; Value = "X5R"; VariantName = "[No Variations]"
Change component parameters (AddParameter): Name = "HelpURL"; Value = ""; VariantName = "[No Variations]"
Change component parameters (AddParameter): Name = "HQ Part"; Value = "CA0134517"; VariantName = "[No Variations]"
Change component parameters (AddParameter): Name = "Manufacturer"; Value = "Murata"; VariantName = "[No Variations]"
Change component parameters (AddParameter): Name = "Name"; Value = "GRM188R61A105KA61D"; VariantName = "[No Variations]"
Change component parameters (AddParameter): Name = "Supplier"; Value = ""; VariantName = "[No Variations]"
Change component parameters (AddParameter): Name = "Tolerance"; Value = "±10%"; VariantName = "[No Variations]"
Change component parameters (AddParameter): Name = "Voltage"; Value = "10V"; VariantName = "[No Variations]"
Change component parameters: Designator = "C46" ("C46"); Footprint = "0201"; UniqueID = "\LXXQNCJA" ("\LXXQNCJA")
Change component parameters (AddParameter): Name = "BOMString"; Value = " 1 µF 16V ±20% 0201"; VariantName = "[No Variations]"
Change component parameters (AddParameter): Name = "Capacitance"; Value = " 1 µF"; VariantName = "[No Variations]"
Change component parameters (AddParameter): Name = "Dielectric"; Value = "X5R"; VariantName = "[No Variations]"
Change component parameters (AddParameter): Name = "HelpURL"; Value = ""; VariantName = "[No Variations]"
Change component parameters (AddParameter): Name = "HQ Part"; Value = "CA0134517"; VariantName = "[No Variations]"
Change component parameters (AddParameter): Name = "Manufacturer"; Value = "Murata"; VariantName = "[No Variations]"
Change component parameters (AddParameter): Name = "Name"; Value = "GRM033R61C105ME15D"; VariantName = "[No Variations]"
Change component parameters (AddParameter): Name = "Supplier"; Value = ""; VariantName = "[No Variations]"
Change component parameters (AddParameter): Name = "Tolerance"; Value = "±20%"; VariantName = "[No Variations]"
Change component parameters (AddParameter): Name = "Voltage"; Value = "16V"; VariantName = "[No Variations]"
Change component parameters: Designator = "L?" ("L3"); Footprint = "SMD 7.3x7.3mm"; UniqueID = "\WRIYSMSO" ("\WRIYSMSO")
Change component parameters (AddParameter): Name = "BOMString"; Value = "22uH ±20% SMD 7.3x7.3mm"; VariantName = "[No Variations]"
Change component parameters (AddParameter): Name = "Current"; Value = "0,72 A"; VariantName = "[No Variations]"
Change component parameters (AddParameter): Name = "HelpURL"; Value = ""; VariantName = "[No Variations]"
Change component parameters (AddParameter): Name = "HQ Part"; Value = "IN0020830"; VariantName = "[No Variations]"
Change component parameters (AddParameter): Name = "Inductance"; Value = "22uH"; VariantName = "[No Variations]"
Change component parameters (AddParameter): Name = "Manufacturer"; Value = "Sunlord"; VariantName = "[No Variations]"
Change component parameters (AddParameter): Name = "Name"; Value = "SDR0403-270KL"; VariantName = "[No Variations]"
Change component parameters (AddParameter): Name = "Resistance"; Value = "0.077 Ohm"; VariantName = "[No Variations]"
Change component parameters (AddParameter): Name = "Supplier"; Value = ""; VariantName = "[No Variations]"
Change component parameters (AddParameter): Name = "Tolerance"; Value = "±20%"; VariantName = "[No Variations]"
Change component parameters: Designator = "R21" ("R21"); Footprint = "0402"; UniqueID = "\QKENXMGV" ("\QKENXMGV")
Change component parameters (AddParameter): Name = "BOMString"; Value = "0.05 Ohm ±1% 1/8 W 2512"; VariantName = "[No Variations]"
Change component parameters (AddParameter): Name = "HelpURL"; Value = ""; VariantName = "[No Variations]"
Change component parameters (AddParameter): Name = "HQ Part"; Value = "RE0023917"; VariantName = "[No Variations]"
Change component parameters (AddParameter): Name = "Manufacturer"; Value = "Yageo"; VariantName = "[No Variations]"
Change component parameters (AddParameter): Name = "Name"; Value = "RC0805FR-07100KL"; VariantName = "[No Variations]"
Change component parameters (AddParameter): Name = "Power"; Value = "1/8 W"; VariantName = "[No Variations]"
Change component parameters (AddParameter): Name = "Resistance"; Value = "0.05 Ohm"; VariantName = "[No Variations]"
Change component parameters (AddParameter): Name = "Supplier"; Value = ""; VariantName = "[No Variations]"
Change component parameters (AddParameter): Name = "Tolerance"; Value = "±1%"; VariantName = "[No Variations]"
Change component parameters: Designator = "R22" ("R22"); Footprint = "0402"; UniqueID = "\MVVADZGK" ("\MVVADZGK")
Change component parameters (AddParameter): Name = "BOMString"; Value = "0.05 Ohm ±1% 1/8 W 2512"; VariantName = "[No Variations]"
Change component parameters (AddParameter): Name = "HelpURL"; Value = ""; VariantName = "[No Variations]"
Change component parameters (AddParameter): Name = "HQ Part"; Value = "RE0023917"; VariantName = "[No Variations]"
Change component parameters (AddParameter): Name = "Manufacturer"; Value = "Yageo"; VariantName = "[No Variations]"
Change component parameters (AddParameter): Name = "Name"; Value = "RC0805FR-07100KL"; VariantName = "[No Variations]"
Change component parameters (AddParameter): Name = "Power"; Value = "1/8 W"; VariantName = "[No Variations]"
Change component parameters (AddParameter): Name = "Resistance"; Value = "0.05 Ohm"; VariantName = "[No Variations]"
Change component parameters (AddParameter): Name = "Supplier"; Value = ""; VariantName = "[No Variations]"
Change component parameters (AddParameter): Name = "Tolerance"; Value = "±1%"; VariantName = "[No Variations]"
Change component parameters: Designator = "R?" ("R12"); Footprint = "0402"; UniqueID = "\TIKIBCTX" ("\TIKIBCTX")
Change component parameters (AddParameter): Name = "BOMString"; Value = "9.09 kOhm ±1% 1/8 W 0402"; VariantName = "[No Variations]"
Change component parameters (AddParameter): Name = "HelpURL"; Value = ""; VariantName = "[No Variations]"
Change component parameters (AddParameter): Name = "HQ Part"; Value = "RE0210066"; VariantName = "[No Variations]"
Change component parameters (AddParameter): Name = "Manufacturer"; Value = "Yageo"; VariantName = "[No Variations]"
Change component parameters (AddParameter): Name = "Name"; Value = "RC0402FR-7W10KL"; VariantName = "[No Variations]"
Change component parameters (AddParameter): Name = "Power"; Value = "1/8 W"; VariantName = "[No Variations]"
Change component parameters (AddParameter): Name = "Resistance"; Value = "9.09 kOhm"; VariantName = "[No Variations]"
Change component parameters (AddParameter): Name = "Supplier"; Value = ""; VariantName = "[No Variations]"
Change component parameters (AddParameter): Name = "Tolerance"; Value = "±1%"; VariantName = "[No Variations]"
Change component parameters: Designator = "R?" ("R11"); Footprint = "0402"; UniqueID = "\RLEDSVKY" ("\RLEDSVKY")
Change component parameters (AddParameter): Name = "BOMString"; Value = "100 kOhm ±1% 1/16 W 0402"; VariantName = "[No Variations]"
Change component parameters (AddParameter): Name = "HelpURL"; Value = ""; VariantName = "[No Variations]"
Change component parameters (AddParameter): Name = "HQ Part"; Value = "RE0186870"; VariantName = "[No Variations]"
Change component parameters (AddParameter): Name = "Manufacturer"; Value = "Yageo"; VariantName = "[No Variations]"
Change component parameters (AddParameter): Name = "Name"; Value = "RC0402FR-0754K9L"; VariantName = "[No Variations]"
Change component parameters (AddParameter): Name = "Power"; Value = "1/16 W"; VariantName = "[No Variations]"
Change component parameters (AddParameter): Name = "Resistance"; Value = "100 kOhm"; VariantName = "[No Variations]"
Change component parameters (AddParameter): Name = "Supplier"; Value = ""; VariantName = "[No Variations]"
Change component parameters (AddParameter): Name = "Tolerance"; Value = "±1%"; VariantName = "[No Variations]"
Added Component: Designator=C42(1206)
Add component (AddParameter): Name = "BOMString"; Value = "4,7 µF 100V ±10% 1206"; VariantName = "[No Variations]"
Add component (AddParameter): Name = "Capacitance"; Value = "4,7 µF"; VariantName = "[No Variations]"
Add component (AddParameter): Name = "Dielectric"; Value = "X7R"; VariantName = "[No Variations]"
Add component (AddParameter): Name = "HelpURL"; Value = ""; VariantName = "[No Variations]"
Add component (AddParameter): Name = "HQ Part"; Value = "CA0182199"; VariantName = "[No Variations]"
Add component (AddParameter): Name = "Manufacturer"; Value = "MURATA"; VariantName = "[No Variations]"
Add component (AddParameter): Name = "Name"; Value = "GRM31CR72A105KA01L"; VariantName = "[No Variations]"
Add component (AddParameter): Name = "Supplier"; Value = ""; VariantName = "[No Variations]"
Add component (AddParameter): Name = "Tolerance"; Value = "±10%"; VariantName = "[No Variations]"
Add component (AddParameter): Name = "Voltage"; Value = "100V"; VariantName = "[No Variations]"
Added Component: Designator=C43(1206)
Add component (AddParameter): Name = "BOMString"; Value = "100 nF 100V ±10% 1206"; VariantName = "[No Variations]"
Add component (AddParameter): Name = "Capacitance"; Value = "100 nF"; VariantName = "[No Variations]"
Add component (AddParameter): Name = "Dielectric"; Value = "X7R"; VariantName = "[No Variations]"
Add component (AddParameter): Name = "HelpURL"; Value = ""; VariantName = "[No Variations]"
Add component (AddParameter): Name = "HQ Part"; Value = "CA0182199"; VariantName = "[No Variations]"
Add component (AddParameter): Name = "Manufacturer"; Value = "MURATA"; VariantName = "[No Variations]"
Add component (AddParameter): Name = "Name"; Value = "GRM31CR72A105KA01L"; VariantName = "[No Variations]"
Add component (AddParameter): Name = "Supplier"; Value = ""; VariantName = "[No Variations]"
Add component (AddParameter): Name = "Tolerance"; Value = "±10%"; VariantName = "[No Variations]"
Add component (AddParameter): Name = "Voltage"; Value = "100V"; VariantName = "[No Variations]"
Added Component: Designator=C44(1206)
Add component (AddParameter): Name = "BOMString"; Value = "0,1 µF 100V ±10% 1206"; VariantName = "[No Variations]"
Add component (AddParameter): Name = "Capacitance"; Value = "0,1 µF"; VariantName = "[No Variations]"
Add component (AddParameter): Name = "Dielectric"; Value = "X7R"; VariantName = "[No Variations]"
Add component (AddParameter): Name = "HelpURL"; Value = ""; VariantName = "[No Variations]"
Add component (AddParameter): Name = "HQ Part"; Value = "CA0182199"; VariantName = "[No Variations]"
Add component (AddParameter): Name = "Manufacturer"; Value = "MURATA"; VariantName = "[No Variations]"
Add component (AddParameter): Name = "Name"; Value = "GRM31CR72A105KA01L"; VariantName = "[No Variations]"
Add component (AddParameter): Name = "Supplier"; Value = ""; VariantName = "[No Variations]"
Add component (AddParameter): Name = "Tolerance"; Value = "±10%"; VariantName = "[No Variations]"
Add component (AddParameter): Name = "Voltage"; Value = "100V"; VariantName = "[No Variations]"
Added Component: Designator=C45(1206)
Add component (AddParameter): Name = "BOMString"; Value = "10 µF 100V ±10% 1206"; VariantName = "[No Variations]"
Add component (AddParameter): Name = "Capacitance"; Value = "10 µF"; VariantName = "[No Variations]"
Add component (AddParameter): Name = "Dielectric"; Value = "X7R"; VariantName = "[No Variations]"
Add component (AddParameter): Name = "HelpURL"; Value = ""; VariantName = "[No Variations]"
Add component (AddParameter): Name = "HQ Part"; Value = "CA0182199"; VariantName = "[No Variations]"
Add component (AddParameter): Name = "Manufacturer"; Value = "MURATA"; VariantName = "[No Variations]"
Add component (AddParameter): Name = "Name"; Value = "GRM31CR72A105KA01L"; VariantName = "[No Variations]"
Add component (AddParameter): Name = "Supplier"; Value = ""; VariantName = "[No Variations]"
Add component (AddParameter): Name = "Tolerance"; Value = "±10%"; VariantName = "[No Variations]"
Add component (AddParameter): Name = "Voltage"; Value = "100V"; VariantName = "[No Variations]"
Added Component: Designator=C47(1206)
Add component (AddParameter): Name = "BOMString"; Value = "10 µF 100V ±10% 1206"; VariantName = "[No Variations]"
Add component (AddParameter): Name = "Capacitance"; Value = "10 µF"; VariantName = "[No Variations]"
Add component (AddParameter): Name = "Dielectric"; Value = "X7R"; VariantName = "[No Variations]"
Add component (AddParameter): Name = "HelpURL"; Value = ""; VariantName = "[No Variations]"
Add component (AddParameter): Name = "HQ Part"; Value = "CA0182199"; VariantName = "[No Variations]"
Add component (AddParameter): Name = "Manufacturer"; Value = "MURATA"; VariantName = "[No Variations]"
Add component (AddParameter): Name = "Name"; Value = "GRM31CR72A105KA01L"; VariantName = "[No Variations]"
Add component (AddParameter): Name = "Supplier"; Value = ""; VariantName = "[No Variations]"
Add component (AddParameter): Name = "Tolerance"; Value = "±10%"; VariantName = "[No Variations]"
Add component (AddParameter): Name = "Voltage"; Value = "100V"; VariantName = "[No Variations]"
Added Component: Designator=R9(0402)
Add component (AddParameter): Name = "BOMString"; Value = "0 Ohm ±5% 0.063W 0402"; VariantName = "[No Variations]"
Add component (AddParameter): Name = "HelpURL"; Value = ""; VariantName = "[No Variations]"
Add component (AddParameter): Name = "Manufacturer"; Value = "Samsung"; VariantName = "[No Variations]"
Add component (AddParameter): Name = "Name"; Value = "RC1005J102CS"; VariantName = "[No Variations]"
Add component (AddParameter): Name = "Power"; Value = "0.063W"; VariantName = "[No Variations]"
Add component (AddParameter): Name = "Resistance"; Value = "0 Ohm"; VariantName = "[No Variations]"
Add component (AddParameter): Name = "Supplier"; Value = ""; VariantName = "[No Variations]"
Add component (AddParameter): Name = "Tolerance"; Value = "±5%"; VariantName = "[No Variations]"
Added Component: Designator=R10(0402)
Add component (AddParameter): Name = "BOMString"; Value = "25,5 kOhm ±1% 1/8 W 0402"; VariantName = "[No Variations]"
Add component (AddParameter): Name = "HelpURL"; Value = ""; VariantName = "[No Variations]"
Add component (AddParameter): Name = "HQ Part"; Value = "RE0210066"; VariantName = "[No Variations]"
Add component (AddParameter): Name = "Manufacturer"; Value = "Yageo"; VariantName = "[No Variations]"
Add component (AddParameter): Name = "Name"; Value = "RC0402FR-7W10KL"; VariantName = "[No Variations]"
Add component (AddParameter): Name = "Power"; Value = "1/8 W"; VariantName = "[No Variations]"
Add component (AddParameter): Name = "Resistance"; Value = "25,5 kOhm"; VariantName = "[No Variations]"
Add component (AddParameter): Name = "Supplier"; Value = ""; VariantName = "[No Variations]"
Add component (AddParameter): Name = "Tolerance"; Value = "±1%"; VariantName = "[No Variations]"
Added Component: Designator=R28(0402)
Add component (AddParameter): Name = "BOMString"; Value = "0 Ohm ±5% 0.063W 0402"; VariantName = "[No Variations]"
Add component (AddParameter): Name = "HelpURL"; Value = ""; VariantName = "[No Variations]"
Add component (AddParameter): Name = "Manufacturer"; Value = "Samsung"; VariantName = "[No Variations]"
Add component (AddParameter): Name = "Name"; Value = "RC1005J102CS"; VariantName = "[No Variations]"
Add component (AddParameter): Name = "Power"; Value = "0.063W"; VariantName = "[No Variations]"
Add component (AddParameter): Name = "Resistance"; Value = "0 Ohm"; VariantName = "[No Variations]"
Add component (AddParameter): Name = "Supplier"; Value = ""; VariantName = "[No Variations]"
Add component (AddParameter): Name = "Tolerance"; Value = "±5%"; VariantName = "[No Variations]"
Added Component: Designator=SW2(SMD 2.9x5.4mm)
Add component (AddParameter): Name = "BOMString"; Value = "24V 1 digit SPST 25mA"; VariantName = "[No Variations]"
Add component (AddParameter): Name = "HQ Part"; Value = "ZHLM0400560"; VariantName = "[No Variations]"
Add component (AddParameter): Name = "Manufacturer"; Value = "kangshen"; VariantName = "[No Variations]"
Add component (AddParameter): Name = "Name"; Value = "DSHP01TSGER"; VariantName = "[No Variations]"
Added Component: Designator=SW3(SMD 2.9x5.4mm)
Add component (AddParameter): Name = "BOMString"; Value = "24V 1 digit SPST 25mA"; VariantName = "[No Variations]"
Add component (AddParameter): Name = "HQ Part"; Value = "ZHLM0400560"; VariantName = "[No Variations]"
Add component (AddParameter): Name = "Manufacturer"; Value = "kangshen"; VariantName = "[No Variations]"
Add component (AddParameter): Name = "Name"; Value = "DSHP01TSGER"; VariantName = "[No Variations]"
Added Pin To Net: NetName=GND Pin=C2-2
Added Pin To Net: NetName=GND Pin=C3-2
Added Pin To Net: NetName=GND Pin=C4-1
Added Pin To Net: NetName=GND Pin=C5-2
Added Pin To Net: NetName=GND Pin=C6-2
Added Pin To Net: NetName=GND Pin=C7-1
Added Pin To Net: NetName=GND Pin=C10-2
Added Pin To Net: NetName=GND Pin=C17-1
Added Pin To Net: NetName=NetC13_1 Pin=C42-1
Added Pin To Net: NetName=GND Pin=C42-2
Added Pin To Net: NetName=NetC13_1 Pin=C43-1
Added Pin To Net: NetName=GND Pin=C43-2
Added Pin To Net: NetName=GND Pin=C45-2
Added Pin To Net: NetName=GND Pin=C46-1
Added Pin To Net: NetName=GND Pin=C47-2
Added Pin To Net: NetName=GND Pin=P1-1
Added Pin To Net: NetName=GND Pin=R1-2
Added Pin To Net: NetName=GND Pin=R10-1
Added Pin To Net: NetName=GND Pin=R13-2
Added Pin To Net: NetName=GND Pin=S2-1
Added Pin To Net: NetName=GND Pin=SW2-1
Added Pin To Net: NetName=GND Pin=SW2-2
Added Pin To Net: NetName=GND Pin=SW3-1
Added Pin To Net: NetName=GND Pin=U1-20
Added Pin To Net: NetName=GND Pin=U1-21
Added Pin To Net: NetName=GND Pin=U2-5
Added Pin To Net: NetName=GND Pin=U3-5
Added Pin To Net: NetName=GND Pin=U6-22
Change Net Name : Old Net Name=GND New Net Name=3.3V
Added Pin To Net: NetName=12V Pin=C19-2
Added Pin To Net: NetName=12V Pin=C45-1
Added Pin To Net: NetName=12V Pin=C47-1
Added Pin To Net: NetName=12V Pin=L3-2
Added Pin To Net: NetName=12V Pin=R11-2
Added Pin To Net: NetName=12V Pin=U6-4
Added Net: Name=12V
Added Pin To Net: NetName=CC1 Pin=R28-1
Added Pin To Net: NetName=CC1 Pin=U1-44
Added Net: Name=CC1
Added Pin To Net: NetName=CC2 Pin=R9-1
Added Pin To Net: NetName=CC2 Pin=U1-42
Added Net: Name=CC2
Added Pin To Net: NetName=NetC24_1 Pin=C24-1
Added Pin To Net: NetName=NetC24_1 Pin=R8-2
Added Pin To Net: NetName=NetC24_1 Pin=SW3-2
Added Pin To Net: NetName=NetC24_1 Pin=U6-20
Added Pin To Net: NetName=NetC24_1 Pin=U6-21
Added Net: Name=NetC24_1
Added Pin To Net: NetName=NetC44_1 Pin=C44-1
Added Pin To Net: NetName=NetC44_1 Pin=L3-1
Added Net: Name=NetC44_1
Added Pin To Net: NetName=NetC44_2 Pin=C44-2
Added Net: Name=NetC44_2
Added Net: Name=NetD7_2
Added Pin To Net: NetName=NetJ3_A5 Pin=R28-2
Added Net: Name=NetJ3_A5
Added Pin To Net: NetName=NetJ3_B5 Pin=R9-2
Added Net: Name=NetJ3_B5
Added Pin To Net: NetName=NetR10_2 Pin=R10-2
Added Net: Name=NetR10_2
Added Pin To Net: NetName=NetR11_1 Pin=R11-1
Added Pin To Net: NetName=NetR11_1 Pin=R12-2
Added Net: Name=NetR11_1
Added Member To Class: ClassName=Power_Supply Member=Component C42 4,7 µF 100V X7R ±10% 
Added Member To Class: ClassName=Power_Supply Member=Component C43 100 nF 100V X7R ±10% 
Added Member To Class: ClassName=Power_Supply Member=Component C44 0,1 µF 100V X7R ±10% 
Added Member To Class: ClassName=Power_Supply Member=Component C45 10 µF 100V X7R ±10% 
Added Member To Class: ClassName=Power_Supply Member=Component C47 10 µF 100V X7R ±10% 
Added Member To Class: ClassName=Logic Member=Component MTH1 MTH_M3
Added Member To Class: ClassName=Logic Member=Component MTH2 MTH_M3
Added Member To Class: ClassName=Logic Member=Component MTH4 MTH_M3
Added Member To Class: ClassName=Logic Member=Component R9 0 Ohm 0.063W 
Added Member To Class: ClassName=Power_Supply Member=Component R10 25,5 kOhm 1/8 W 
Added Member To Class: ClassName=Power_Supply Member=Component R11 100 kOhm 1/16 W 
Added Member To Class: ClassName=Power_Supply Member=Component R12 9.09 kOhm 1/8 W 
Added Member To Class: ClassName=Driver Member=Component R15 10 Ohm 1/8 W 
Added Member To Class: ClassName=Driver Member=Component R23 10 Ohm 1/8 W 
Added Member To Class: ClassName=Driver Member=Component R24 10 Ohm 1/8 W 
Added Member To Class: ClassName=Driver Member=Component R25 10 Ohm 1/8 W 
Added Member To Class: ClassName=Driver Member=Component R26 10 Ohm 1/8 W 
Added Member To Class: ClassName=Driver Member=Component R27 10 Ohm 1/8 W 
Added Member To Class: ClassName=Logic Member=Component R28 0 Ohm 0.063W 
Added Member To Class: ClassName=Driver Member=Component SW2 Switch_DIP
Added Member To Class: ClassName=Driver Member=Component SW3 Switch_DIP
Added Room: Name=CANFD
Added Room: Name=Driver
Added Room: Name=Logic
Added Room: Name=Power_Supply
