Removed Pin From Net: NetName=CAN_FD_RX Pin=P?-1
Removed Pin From Net: NetName=PB8_BOOT0 Pin=P?-3
Removed Member From Class: ClassName=Driver Member=J6
Removed Member From Class: ClassName=Logic Member=P?
Change component parameters: Designator = "C10" ("C10"); Footprint = "0402"; UniqueID = "\DBSIYKDP" ("\DBSIYKDP")
Change component parameters (AddParameter): Name = "BOMString"; Value = " 1 µF 16V ±10% 0402"; VariantName = "[No Variations]"
Change component parameters (AddParameter): Name = "Capacitance"; Value = " 1 µF"; VariantName = "[No Variations]"
Change component parameters (AddParameter): Name = "Dielectric"; Value = "X5R"; VariantName = "[No Variations]"
Change component parameters (AddParameter): Name = "HelpURL"; Value = ""; VariantName = "[No Variations]"
Change component parameters (AddParameter): Name = "HQ Part"; Value = ""; VariantName = "[No Variations]"
Change component parameters (AddParameter): Name = "Manufacturer"; Value = "Yageo"; VariantName = "[No Variations]"
Change component parameters (AddParameter): Name = "Name"; Value = "CC0402KRX5R7BB105"; VariantName = "[No Variations]"
Change component parameters (AddParameter): Name = "Supplier"; Value = ""; VariantName = "[No Variations]"
Change component parameters (AddParameter): Name = "Tolerance"; Value = "±10%"; VariantName = "[No Variations]"
Change component parameters (AddParameter): Name = "Voltage"; Value = "16V"; VariantName = "[No Variations]"
Change component parameters: Designator = "C12" ("C12"); Footprint = "0402"; UniqueID = "\HFSFIPEZ" ("\HFSFIPEZ")
Change component parameters (AddParameter): Name = "BOMString"; Value = " 1 µF 16V ±10% 0402"; VariantName = "[No Variations]"
Change component parameters (AddParameter): Name = "Capacitance"; Value = " 1 µF"; VariantName = "[No Variations]"
Change component parameters (AddParameter): Name = "Dielectric"; Value = "X5R"; VariantName = "[No Variations]"
Change component parameters (AddParameter): Name = "HelpURL"; Value = ""; VariantName = "[No Variations]"
Change component parameters (AddParameter): Name = "HQ Part"; Value = ""; VariantName = "[No Variations]"
Change component parameters (AddParameter): Name = "Manufacturer"; Value = "Yageo"; VariantName = "[No Variations]"
Change component parameters (AddParameter): Name = "Name"; Value = "CC0402KRX5R7BB105"; VariantName = "[No Variations]"
Change component parameters (AddParameter): Name = "Supplier"; Value = ""; VariantName = "[No Variations]"
Change component parameters (AddParameter): Name = "Tolerance"; Value = "±10%"; VariantName = "[No Variations]"
Change component parameters (AddParameter): Name = "Voltage"; Value = "16V"; VariantName = "[No Variations]"
Added Component: Designator=P3(15EDGRC-3.5-04P)
Add component (AddParameter): Name = "HelpURL"; Value = "https://static.chipdip.ru/lib/874/DOC000874642.pdf"; VariantName = "[No Variations]"
Add component (AddParameter): Name = "Manufacturer"; Value = "Dinkle"; VariantName = "[No Variations]"
Add component (AddParameter): Name = "Name"; Value = "15EDGRC-3.5-04P"; VariantName = "[No Variations]"
Add component (AddParameter): Name = "Supplier"; Value = "https://www.chipdip.ru/product/ech381v-05p"; VariantName = "[No Variations]"
Added Pin To Net: NetName=GND Pin=C42-1
Added Pin To Net: NetName=BMB1 Pin=C44-2
Added Pin To Net: NetName=BMA1 Pin=C45-2
Added Pin To Net: NetName=BMB2 Pin=C46-2
Added Pin To Net: NetName=BMA2 Pin=C47-2
Added Pin To Net: NetName=BMA2 Pin=P3-1
Added Pin To Net: NetName=BMA1 Pin=P3-2
Added Pin To Net: NetName=BMB2 Pin=P3-3
Added Pin To Net: NetName=BMB1 Pin=P3-4
Added Pin To Net: NetName=BMA2 Pin=Q1-14
Added Pin To Net: NetName=BMA1 Pin=Q1-15
Added Pin To Net: NetName=BMB2 Pin=Q2-14
Added Pin To Net: NetName=BMB1 Pin=Q2-15
Change Net Name : Old Net Name=BMA1 New Net Name=B2
Change Net Name : Old Net Name=BMA2 New Net Name=B1
Change Net Name : Old Net Name=BMB1 New Net Name=A2
Change Net Name : Old Net Name=BMB2 New Net Name=A1
Added Member To Class: ClassName=Driver Member=Component D5 BAT40V
Added Member To Class: ClassName=Driver Member=Component D7 BAT40V
Added Member To Class: ClassName=Driver Member=Component P3 15EDGRC-3.5-04P Dinkle
