Removed Pin From Net: NetName=NetC12_2 Pin=U?-1
Removed Pin From Net: NetName=NetR5_1 Pin=U?-3
Removed Pin From Net: NetName=NetR4_1 Pin=U?-4
Removed Pin From Net: NetName=NetC13_1 Pin=U?-5
Added Component: Designator=Q1(V-DFN5045-12 (Type B))
Add component (AddParameter): Name = "BOMString"; Value = ""; VariantName = "[No Variations]"
Add component (AddParameter): Name = "Manufacturer"; Value = ""; VariantName = "[No Variations]"
Add component (AddParameter): Name = "Name"; Value = ""; VariantName = "[No Variations]"
Add component (AddParameter): Name = "Value I"; Value = ""; VariantName = "[No Variations]"
Add component (AddParameter): Name = "Value U"; Value = ""; VariantName = "[No Variations]"
Added Pin To Net: NetName=NetD3_1 Pin=Q1-1
Added Pin To Net: NetName=NetC26_2 Pin=Q1-2
Added Pin To Net: NetName=NetC29_2 Pin=Q1-3
Added Pin To Net: NetName=NetD3_3 Pin=Q1-4
Added Pin To Net: NetName=NetQ1_5 Pin=Q1-5
Added Pin To Net: NetName=NetQ1_5 Pin=Q1-6
Added Pin To Net: NetName=NetQ1_5 Pin=Q1-7
Added Pin To Net: NetName=NetQ1_5 Pin=Q1-8
Added Pin To Net: NetName=NetD4_1 Pin=Q1-9
Added Pin To Net: NetName=NetC30_2 Pin=Q1-10
Added Pin To Net: NetName=NetC26_2 Pin=Q1-11
Added Pin To Net: NetName=NetD4_3 Pin=Q1-12
Added Pin To Net: NetName=NetC26_2 Pin=Q1-13
Added Pin To Net: NetName=NetC40_1 Pin=Q1-14
Added Pin To Net: NetName=NetC38_1 Pin=Q1-15
Added Pin To Net: NetName=5V Pin=U?-1
Added Pin To Net: NetName=NetC12_2 Pin=U?-1
Added Pin To Net: NetName=GND Pin=U?-2
Added Pin To Net: NetName=5V Pin=U?-3
Added Pin To Net: NetName=NetR5_1 Pin=U?-3
Added Pin To Net: NetName=NetR4_1 Pin=U?-4
Added Pin To Net: NetName=3.3V Pin=U?-5
Added Pin To Net: NetName=NetC13_1 Pin=U?-5
Added Member To Class: ClassName=Driver Member=Component Q1 DMHT6016LFJ
Added Member To Class: ClassName=Power_Supply Member=Component U? LP5907MFX-3.3/NOPB
