Change Component Footprint: Designator=L3 Old Footprint=SMD 7.3x7.3mm New Footprint=SRN5040
Change Component Comment : Designator=L3 Old Comment=22uH 0,72 A ±20% New Comment=22uH 1.5 A ±20%
Change Component Comment : Designator=LD2 Old Comment= SML-P11UTT86R (Red) /  New Comment=SML-P11UTT86R (Red) / 
Change Component Comment : Designator=LD1 Old Comment= SZYY0402G (Green) /  New Comment=SZYY0402G (Green) / 
Change component parameters: Designator = "C7" ("C7"); Footprint = "0402"; UniqueID = "\DBSIYKDP" ("\DBSIYKDP")
Change component parameters (AddParameter): Name = "BOMString"; Value = " 1 µF 16V ±10% 0402"; VariantName = "[No Variations]"
Change component parameters (AddParameter): Name = "Capacitance"; Value = " 1 µF"; VariantName = "[No Variations]"
Change component parameters (AddParameter): Name = "Dielectric"; Value = "X5R"; VariantName = "[No Variations]"
Change component parameters (AddParameter): Name = "HelpURL"; Value = ""; VariantName = "[No Variations]"
Change component parameters (AddParameter): Name = "HQ Part"; Value = ""; VariantName = "[No Variations]"
Change component parameters (AddParameter): Name = "Manufacturer"; Value = "Yageo"; VariantName = "[No Variations]"
Change component parameters (AddParameter): Name = "Name"; Value = "CC0402KRX5R7BB105"; VariantName = "[No Variations]"
Change component parameters (AddParameter): Name = "Supplier"; Value = ""; VariantName = "[No Variations]"
Change component parameters (AddParameter): Name = "Tolerance"; Value = "±10%"; VariantName = "[No Variations]"
Change component parameters (AddParameter): Name = "Voltage"; Value = "16V"; VariantName = "[No Variations]"
Change component parameters: Designator = "C11" ("C11"); Footprint = "0402"; UniqueID = "\HFSFIPEZ" ("\HFSFIPEZ")
Change component parameters (AddParameter): Name = "BOMString"; Value = " 1 µF 16V ±10% 0402"; VariantName = "[No Variations]"
Change component parameters (AddParameter): Name = "Capacitance"; Value = " 1 µF"; VariantName = "[No Variations]"
Change component parameters (AddParameter): Name = "Dielectric"; Value = "X5R"; VariantName = "[No Variations]"
Change component parameters (AddParameter): Name = "HelpURL"; Value = ""; VariantName = "[No Variations]"
Change component parameters (AddParameter): Name = "HQ Part"; Value = ""; VariantName = "[No Variations]"
Change component parameters (AddParameter): Name = "Manufacturer"; Value = "Yageo"; VariantName = "[No Variations]"
Change component parameters (AddParameter): Name = "Name"; Value = "CC0402KRX5R7BB105"; VariantName = "[No Variations]"
Change component parameters (AddParameter): Name = "Supplier"; Value = ""; VariantName = "[No Variations]"
Change component parameters (AddParameter): Name = "Tolerance"; Value = "±10%"; VariantName = "[No Variations]"
Change component parameters (AddParameter): Name = "Voltage"; Value = "16V"; VariantName = "[No Variations]"
Change component parameters: Designator = "C26" ("C26"); Footprint = "0402"; UniqueID = "\ANLNHSCN" ("\ANLNHSCN")
Change component parameters (AddParameter): Name = "BOMString"; Value = " 1 µF 16V ±10% 0402"; VariantName = "[No Variations]"
Change component parameters (AddParameter): Name = "Capacitance"; Value = " 1 µF"; VariantName = "[No Variations]"
Change component parameters (AddParameter): Name = "Dielectric"; Value = "X5R"; VariantName = "[No Variations]"
Change component parameters (AddParameter): Name = "HelpURL"; Value = ""; VariantName = "[No Variations]"
Change component parameters (AddParameter): Name = "HQ Part"; Value = ""; VariantName = "[No Variations]"
Change component parameters (AddParameter): Name = "Manufacturer"; Value = "Yageo"; VariantName = "[No Variations]"
Change component parameters (AddParameter): Name = "Name"; Value = "CC0402KRX5R7BB105"; VariantName = "[No Variations]"
Change component parameters (AddParameter): Name = "Supplier"; Value = ""; VariantName = "[No Variations]"
Change component parameters (AddParameter): Name = "Tolerance"; Value = "±10%"; VariantName = "[No Variations]"
Change component parameters (AddParameter): Name = "Voltage"; Value = "16V"; VariantName = "[No Variations]"
Change component parameters: Designator = "C27" ("C27"); Footprint = "0402"; UniqueID = "\VIIUSYQM" ("\VIIUSYQM")
Change component parameters (AddParameter): Name = "BOMString"; Value = " 1 µF 16V ±10% 0402"; VariantName = "[No Variations]"
Change component parameters (AddParameter): Name = "Capacitance"; Value = " 1 µF"; VariantName = "[No Variations]"
Change component parameters (AddParameter): Name = "Dielectric"; Value = "X5R"; VariantName = "[No Variations]"
Change component parameters (AddParameter): Name = "HelpURL"; Value = ""; VariantName = "[No Variations]"
Change component parameters (AddParameter): Name = "HQ Part"; Value = ""; VariantName = "[No Variations]"
Change component parameters (AddParameter): Name = "Manufacturer"; Value = "Yageo"; VariantName = "[No Variations]"
Change component parameters (AddParameter): Name = "Name"; Value = "CC0402KRX5R7BB105"; VariantName = "[No Variations]"
Change component parameters (AddParameter): Name = "Supplier"; Value = ""; VariantName = "[No Variations]"
Change component parameters (AddParameter): Name = "Tolerance"; Value = "±10%"; VariantName = "[No Variations]"
Change component parameters (AddParameter): Name = "Voltage"; Value = "16V"; VariantName = "[No Variations]"
Change component parameters: Designator = "L3" ("L3"); Footprint = "SMD 7.3x7.3mm"; UniqueID = "\WRIYSMSO" ("\WRIYSMSO")
Change component parameters (AddParameter): Name = "BOMString"; Value = "22uH ±20% SRN5040"; VariantName = "[No Variations]"
Change component parameters (AddParameter): Name = "Current"; Value = "1.5 A"; VariantName = "[No Variations]"
Change component parameters (AddParameter): Name = "HelpURL"; Value = ""; VariantName = "[No Variations]"
Change component parameters (AddParameter): Name = "HQ Part"; Value = "IN0024300"; VariantName = "[No Variations]"
Change component parameters (AddParameter): Name = "Inductance"; Value = "22uH"; VariantName = "[No Variations]"
Change component parameters (AddParameter): Name = "Manufacturer"; Value = "Sunlord"; VariantName = "[No Variations]"
Change component parameters (AddParameter): Name = "Name"; Value = "SWPA5040S220MT"; VariantName = "[No Variations]"
Change component parameters (AddParameter): Name = "Resistance"; Value = "168m?"; VariantName = "[No Variations]"
Change component parameters (AddParameter): Name = "Supplier"; Value = ""; VariantName = "[No Variations]"
Change component parameters (AddParameter): Name = "Tolerance"; Value = "±20%"; VariantName = "[No Variations]"
Added Pin To Net: NetName=NetC29_2 Pin=C13-1
Added Pin To Net: NetName=NetC29_2 Pin=C42-1
Added Pin To Net: NetName=NetC29_2 Pin=C43-1
Added Pin To Net: NetName=NetC29_2 Pin=J4-1
Added Pin To Net: NetName=NetC29_2 Pin=J6-1
Added Pin To Net: NetName=NetC29_2 Pin=R4-2
Added Pin To Net: NetName=NetC29_2 Pin=U4-5
Added Pin To Net: NetName=NetC29_2 Pin=U7-2
Added Pin To Net: NetName=NetC29_2 Pin=U7-3
Change Net Name : Old Net Name=NetC29_2 New Net Name=48V
