Removed Pin From Net: NetName=SRBH_P Pin=NT1-1
Removed Pin From Net: NetName=NetNT1_2 Pin=NT1-2
Removed Pin From Net: NetName=SRBH_N Pin=NT2-1
Removed Pin From Net: NetName=GND Pin=NT2-2
Removed Pin From Net: NetName=SRAH_P Pin=NT3-1
Removed Pin From Net: NetName=NetNT3_2 Pin=NT3-2
Removed Pin From Net: NetName=SRAH_N Pin=NT4-1
Removed Pin From Net: NetName=GND Pin=R28-1
Removed Pin From Net: NetName=NetNT1_2 Pin=R28-2
Removed Pin From Net: NetName=GND Pin=R29-1
Removed Pin From Net: NetName=NetNT3_2 Pin=R29-2
Change component parameters: Designator = "C10" ("C10"); Footprint = "0402"; UniqueID = "\DBSIYKDP" ("\DBSIYKDP")
Change component parameters (AddParameter): Name = "BOMString"; Value = " 1 µF 16V ±10% 0402"; VariantName = "[No Variations]"
Change component parameters (AddParameter): Name = "Capacitance"; Value = " 1 µF"; VariantName = "[No Variations]"
Change component parameters (AddParameter): Name = "Dielectric"; Value = "X5R"; VariantName = "[No Variations]"
Change component parameters (AddParameter): Name = "HelpURL"; Value = ""; VariantName = "[No Variations]"
Change component parameters (AddParameter): Name = "HQ Part"; Value = ""; VariantName = "[No Variations]"
Change component parameters (AddParameter): Name = "Manufacturer"; Value = "Yageo"; VariantName = "[No Variations]"
Change component parameters (AddParameter): Name = "Name"; Value = "CC0402KRX5R7BB105"; VariantName = "[No Variations]"
Change component parameters (AddParameter): Name = "Supplier"; Value = ""; VariantName = "[No Variations]"
Change component parameters (AddParameter): Name = "Tolerance"; Value = "±10%"; VariantName = "[No Variations]"
Change component parameters (AddParameter): Name = "Voltage"; Value = "16V"; VariantName = "[No Variations]"
Change component parameters: Designator = "C12" ("C12"); Footprint = "0402"; UniqueID = "\HFSFIPEZ" ("\HFSFIPEZ")
Change component parameters (AddParameter): Name = "BOMString"; Value = " 1 µF 16V ±10% 0402"; VariantName = "[No Variations]"
Change component parameters (AddParameter): Name = "Capacitance"; Value = " 1 µF"; VariantName = "[No Variations]"
Change component parameters (AddParameter): Name = "Dielectric"; Value = "X5R"; VariantName = "[No Variations]"
Change component parameters (AddParameter): Name = "HelpURL"; Value = ""; VariantName = "[No Variations]"
Change component parameters (AddParameter): Name = "HQ Part"; Value = ""; VariantName = "[No Variations]"
Change component parameters (AddParameter): Name = "Manufacturer"; Value = "Yageo"; VariantName = "[No Variations]"
Change component parameters (AddParameter): Name = "Name"; Value = "CC0402KRX5R7BB105"; VariantName = "[No Variations]"
Change component parameters (AddParameter): Name = "Supplier"; Value = ""; VariantName = "[No Variations]"
Change component parameters (AddParameter): Name = "Tolerance"; Value = "±10%"; VariantName = "[No Variations]"
Change component parameters (AddParameter): Name = "Voltage"; Value = "16V"; VariantName = "[No Variations]"
Added Pin To Net: NetName=NetNT3_2 Pin=NT1-2
Added Pin To Net: NetName=SRAH_P Pin=NT1-2
Added Pin To Net: NetName=NetNT1_2 Pin=NT2-2
Added Pin To Net: NetName=SRBH_P Pin=NT2-2
Added Pin To Net: NetName=GND Pin=NT3-2
Added Pin To Net: NetName=SRAH_N Pin=NT3-2
Added Pin To Net: NetName=SRBH_N Pin=NT4-2
Added Pin To Net: NetName=SRBH_N Pin=R28-1
Added Pin To Net: NetName=SRBH_P Pin=R28-2
Added Pin To Net: NetName=SRAH_N Pin=R29-1
Added Pin To Net: NetName=SRAH_P Pin=R29-2
Change Net Name : Old Net Name=NetNT1_2 New Net Name=NetNT2_2
Change Net Name : Old Net Name=NetNT3_2 New Net Name=NetNT1_2
Added Member To Class: ClassName=Driver Member=Component U6 AS5047P
