Added Component: Designator=C?(0402)
Add component (AddParameter): Name = "BOMString"; Value = "100nF 16V ±10% 0402"; VariantName = "[No Variations]"
Add component (AddParameter): Name = "Capacitance"; Value = "100nF"; VariantName = "[No Variations]"
Add component (AddParameter): Name = "Dielectric"; Value = "X5R"; VariantName = "[No Variations]"
Add component (AddParameter): Name = "HelpURL"; Value = ""; VariantName = "[No Variations]"
Add component (AddParameter): Name = "Manufacturer"; Value = "Murata"; VariantName = "[No Variations]"
Add component (AddParameter): Name = "Name"; Value = "GRM155R71A104KA01J"; VariantName = "[No Variations]"
Add component (AddParameter): Name = "Supplier"; Value = ""; VariantName = "[No Variations]"
Add component (AddParameter): Name = "Tolerance"; Value = "±10%"; VariantName = "[No Variations]"
Add component (AddParameter): Name = "Voltage"; Value = "16V"; VariantName = "[No Variations]"
Added Component: Designator=C?(0402)
Add component (AddParameter): Name = "BOMString"; Value = "100nF 16V ±10% 0402"; VariantName = "[No Variations]"
Add component (AddParameter): Name = "Capacitance"; Value = "100nF"; VariantName = "[No Variations]"
Add component (AddParameter): Name = "Dielectric"; Value = "X5R"; VariantName = "[No Variations]"
Add component (AddParameter): Name = "HelpURL"; Value = ""; VariantName = "[No Variations]"
Add component (AddParameter): Name = "Manufacturer"; Value = "Murata"; VariantName = "[No Variations]"
Add component (AddParameter): Name = "Name"; Value = "GRM155R71A104KA01J"; VariantName = "[No Variations]"
Add component (AddParameter): Name = "Supplier"; Value = ""; VariantName = "[No Variations]"
Add component (AddParameter): Name = "Tolerance"; Value = "±10%"; VariantName = "[No Variations]"
Add component (AddParameter): Name = "Voltage"; Value = "16V"; VariantName = "[No Variations]"
Added Component: Designator=C?(0402)
Add component (AddParameter): Name = "BOMString"; Value = "100nF 16V ±10% 0402"; VariantName = "[No Variations]"
Add component (AddParameter): Name = "Capacitance"; Value = "100nF"; VariantName = "[No Variations]"
Add component (AddParameter): Name = "Dielectric"; Value = "X5R"; VariantName = "[No Variations]"
Add component (AddParameter): Name = "HelpURL"; Value = ""; VariantName = "[No Variations]"
Add component (AddParameter): Name = "Manufacturer"; Value = "Murata"; VariantName = "[No Variations]"
Add component (AddParameter): Name = "Name"; Value = "GRM155R71A104KA01J"; VariantName = "[No Variations]"
Add component (AddParameter): Name = "Supplier"; Value = ""; VariantName = "[No Variations]"
Add component (AddParameter): Name = "Tolerance"; Value = "±10%"; VariantName = "[No Variations]"
Add component (AddParameter): Name = "Voltage"; Value = "16V"; VariantName = "[No Variations]"
Added Component: Designator=C?(0402)
Add component (AddParameter): Name = "BOMString"; Value = "100nF 16V ±10% 0402"; VariantName = "[No Variations]"
Add component (AddParameter): Name = "Capacitance"; Value = "100nF"; VariantName = "[No Variations]"
Add component (AddParameter): Name = "Dielectric"; Value = "X5R"; VariantName = "[No Variations]"
Add component (AddParameter): Name = "HelpURL"; Value = ""; VariantName = "[No Variations]"
Add component (AddParameter): Name = "Manufacturer"; Value = "Murata"; VariantName = "[No Variations]"
Add component (AddParameter): Name = "Name"; Value = "GRM155R71A104KA01J"; VariantName = "[No Variations]"
Add component (AddParameter): Name = "Supplier"; Value = ""; VariantName = "[No Variations]"
Add component (AddParameter): Name = "Tolerance"; Value = "±10%"; VariantName = "[No Variations]"
Add component (AddParameter): Name = "Voltage"; Value = "16V"; VariantName = "[No Variations]"
Added Component: Designator=C?(0402)
Add component (AddParameter): Name = "BOMString"; Value = "100nF 16V ±10% 0402"; VariantName = "[No Variations]"
Add component (AddParameter): Name = "Capacitance"; Value = "100nF"; VariantName = "[No Variations]"
Add component (AddParameter): Name = "Dielectric"; Value = "X5R"; VariantName = "[No Variations]"
Add component (AddParameter): Name = "HelpURL"; Value = ""; VariantName = "[No Variations]"
Add component (AddParameter): Name = "Manufacturer"; Value = "Murata"; VariantName = "[No Variations]"
Add component (AddParameter): Name = "Name"; Value = "GRM155R71A104KA01J"; VariantName = "[No Variations]"
Add component (AddParameter): Name = "Supplier"; Value = ""; VariantName = "[No Variations]"
Add component (AddParameter): Name = "Tolerance"; Value = "±10%"; VariantName = "[No Variations]"
Add component (AddParameter): Name = "Voltage"; Value = "16V"; VariantName = "[No Variations]"
Added Component: Designator=C?(0402)
Add component (AddParameter): Name = "BOMString"; Value = "6pF 16V ±10% 0402"; VariantName = "[No Variations]"
Add component (AddParameter): Name = "Capacitance"; Value = "6pF"; VariantName = "[No Variations]"
Add component (AddParameter): Name = "Dielectric"; Value = "X5R"; VariantName = "[No Variations]"
Add component (AddParameter): Name = "HelpURL"; Value = ""; VariantName = "[No Variations]"
Add component (AddParameter): Name = "Manufacturer"; Value = "Murata"; VariantName = "[No Variations]"
Add component (AddParameter): Name = "Name"; Value = "GRM155R71A104KA01J"; VariantName = "[No Variations]"
Add component (AddParameter): Name = "Supplier"; Value = ""; VariantName = "[No Variations]"
Add component (AddParameter): Name = "Tolerance"; Value = "±10%"; VariantName = "[No Variations]"
Add component (AddParameter): Name = "Voltage"; Value = "16V"; VariantName = "[No Variations]"
Added Component: Designator=C?(0402)
Add component (AddParameter): Name = "BOMString"; Value = "6pF 16V ±10% 0402"; VariantName = "[No Variations]"
Add component (AddParameter): Name = "Capacitance"; Value = "6pF"; VariantName = "[No Variations]"
Add component (AddParameter): Name = "Dielectric"; Value = "X5R"; VariantName = "[No Variations]"
Add component (AddParameter): Name = "HelpURL"; Value = ""; VariantName = "[No Variations]"
Add component (AddParameter): Name = "Manufacturer"; Value = "Murata"; VariantName = "[No Variations]"
Add component (AddParameter): Name = "Name"; Value = "GRM155R71A104KA01J"; VariantName = "[No Variations]"
Add component (AddParameter): Name = "Supplier"; Value = ""; VariantName = "[No Variations]"
Add component (AddParameter): Name = "Tolerance"; Value = "±10%"; VariantName = "[No Variations]"
Add component (AddParameter): Name = "Voltage"; Value = "16V"; VariantName = "[No Variations]"
Added Component: Designator=C?(0402)
Add component (AddParameter): Name = "BOMString"; Value = "10pF 16V ±10% 0402"; VariantName = "[No Variations]"
Add component (AddParameter): Name = "Capacitance"; Value = "10pF"; VariantName = "[No Variations]"
Add component (AddParameter): Name = "Dielectric"; Value = "X5R"; VariantName = "[No Variations]"
Add component (AddParameter): Name = "HelpURL"; Value = ""; VariantName = "[No Variations]"
Add component (AddParameter): Name = "Manufacturer"; Value = "Murata"; VariantName = "[No Variations]"
Add component (AddParameter): Name = "Name"; Value = "GRM155R71A104KA01J"; VariantName = "[No Variations]"
Add component (AddParameter): Name = "Supplier"; Value = ""; VariantName = "[No Variations]"
Add component (AddParameter): Name = "Tolerance"; Value = "±10%"; VariantName = "[No Variations]"
Add component (AddParameter): Name = "Voltage"; Value = "16V"; VariantName = "[No Variations]"
Added Component: Designator=C?(0402)
Add component (AddParameter): Name = "BOMString"; Value = "10pF 16V ±10% 0402"; VariantName = "[No Variations]"
Add component (AddParameter): Name = "Capacitance"; Value = "10pF"; VariantName = "[No Variations]"
Add component (AddParameter): Name = "Dielectric"; Value = "X5R"; VariantName = "[No Variations]"
Add component (AddParameter): Name = "HelpURL"; Value = ""; VariantName = "[No Variations]"
Add component (AddParameter): Name = "Manufacturer"; Value = "Murata"; VariantName = "[No Variations]"
Add component (AddParameter): Name = "Name"; Value = "GRM155R71A104KA01J"; VariantName = "[No Variations]"
Add component (AddParameter): Name = "Supplier"; Value = ""; VariantName = "[No Variations]"
Add component (AddParameter): Name = "Tolerance"; Value = "±10%"; VariantName = "[No Variations]"
Add component (AddParameter): Name = "Voltage"; Value = "16V"; VariantName = "[No Variations]"
Added Component: Designator=C?(0402)
Add component (AddParameter): Name = "BOMString"; Value = "1uF 16V ±10% 0402"; VariantName = "[No Variations]"
Add component (AddParameter): Name = "Capacitance"; Value = "1uF"; VariantName = "[No Variations]"
Add component (AddParameter): Name = "Dielectric"; Value = "X5R"; VariantName = "[No Variations]"
Add component (AddParameter): Name = "HelpURL"; Value = ""; VariantName = "[No Variations]"
Add component (AddParameter): Name = "Manufacturer"; Value = "Murata"; VariantName = "[No Variations]"
Add component (AddParameter): Name = "Name"; Value = "GRM155R71A104KA01J"; VariantName = "[No Variations]"
Add component (AddParameter): Name = "Supplier"; Value = ""; VariantName = "[No Variations]"
Add component (AddParameter): Name = "Tolerance"; Value = "±10%"; VariantName = "[No Variations]"
Add component (AddParameter): Name = "Voltage"; Value = "16V"; VariantName = "[No Variations]"
Added Component: Designator=C?(0402)
Add component (AddParameter): Name = "BOMString"; Value = "100nF 16V ±10% 0402"; VariantName = "[No Variations]"
Add component (AddParameter): Name = "Capacitance"; Value = "100nF"; VariantName = "[No Variations]"
Add component (AddParameter): Name = "Dielectric"; Value = "X5R"; VariantName = "[No Variations]"
Add component (AddParameter): Name = "HelpURL"; Value = ""; VariantName = "[No Variations]"
Add component (AddParameter): Name = "Manufacturer"; Value = "Murata"; VariantName = "[No Variations]"
Add component (AddParameter): Name = "Name"; Value = "GRM155R71A104KA01J"; VariantName = "[No Variations]"
Add component (AddParameter): Name = "Supplier"; Value = ""; VariantName = "[No Variations]"
Add component (AddParameter): Name = "Tolerance"; Value = "±10%"; VariantName = "[No Variations]"
Add component (AddParameter): Name = "Voltage"; Value = "16V"; VariantName = "[No Variations]"
Added Component: Designator=C?(0402)
Add component (AddParameter): Name = "BOMString"; Value = "10nF 16V ±10% 0402"; VariantName = "[No Variations]"
Add component (AddParameter): Name = "Capacitance"; Value = "10nF"; VariantName = "[No Variations]"
Add component (AddParameter): Name = "Dielectric"; Value = "X5R"; VariantName = "[No Variations]"
Add component (AddParameter): Name = "HelpURL"; Value = ""; VariantName = "[No Variations]"
Add component (AddParameter): Name = "Manufacturer"; Value = "Murata"; VariantName = "[No Variations]"
Add component (AddParameter): Name = "Name"; Value = "GRM155R71A104KA01J"; VariantName = "[No Variations]"
Add component (AddParameter): Name = "Supplier"; Value = ""; VariantName = "[No Variations]"
Add component (AddParameter): Name = "Tolerance"; Value = "±10%"; VariantName = "[No Variations]"
Add component (AddParameter): Name = "Voltage"; Value = "16V"; VariantName = "[No Variations]"
Added Component: Designator=J?(XT30U-F)
Add component (AddParameter): Name = "BOMString"; Value = "Connector female 2 pins"; VariantName = "[No Variations]"
Add component (AddParameter): Name = "Name"; Value = "XT30U"; VariantName = "[No Variations]"
Added Component: Designator=J?(XT30U-M)
Add component (AddParameter): Name = "BOMString"; Value = "Connector male 2 pins"; VariantName = "[No Variations]"
Add component (AddParameter): Name = "Name"; Value = "XT30U"; VariantName = "[No Variations]"
Added Component: Designator=J?(XT30PW-M)
Add component (AddParameter): Name = "BOMString"; Value = "Connector male 2 pins"; VariantName = "[No Variations]"
Add component (AddParameter): Name = "Name"; Value = "XT30PW"; VariantName = "[No Variations]"
Added Component: Designator=L?(0402)
Add component (AddParameter): Name = "BOMString"; Value = "1K? 100Mhz 200mA ±20% 0402"; VariantName = "[No Variations]"
Add component (AddParameter): Name = "Current"; Value = "200mA"; VariantName = "[No Variations]"
Add component (AddParameter): Name = "HelpURL"; Value = ""; VariantName = "[No Variations]"
Add component (AddParameter): Name = "Inductance"; Value = "1K? 100Mhz"; VariantName = "[No Variations]"
Add component (AddParameter): Name = "Manufacturer"; Value = "Murata"; VariantName = "[No Variations]"
Add component (AddParameter): Name = "Name"; Value = "LQG15HSR10J02D"; VariantName = "[No Variations]"
Add component (AddParameter): Name = "Parameter 1"; Value = "1K"; VariantName = "[No Variations]"
Add component (AddParameter): Name = "Supplier"; Value = ""; VariantName = "[No Variations]"
Add component (AddParameter): Name = "Tolerance"; Value = "±20%"; VariantName = "[No Variations]"
Added Component: Designator=R?(0402)
Add component (AddParameter): Name = "BOMString"; Value = "10K ±5% 0.063W 0402"; VariantName = "[No Variations]"
Add component (AddParameter): Name = "HelpURL"; Value = ""; VariantName = "[No Variations]"
Add component (AddParameter): Name = "Manufacturer"; Value = "Samsung"; VariantName = "[No Variations]"
Add component (AddParameter): Name = "Name"; Value = "RC1005J102CS"; VariantName = "[No Variations]"
Add component (AddParameter): Name = "Power"; Value = "0.063W"; VariantName = "[No Variations]"
Add component (AddParameter): Name = "Resistance"; Value = "10K"; VariantName = "[No Variations]"
Add component (AddParameter): Name = "Supplier"; Value = ""; VariantName = "[No Variations]"
Add component (AddParameter): Name = "Tolerance"; Value = "±5%"; VariantName = "[No Variations]"
Added Component: Designator=R?(0402)
Add component (AddParameter): Name = "BOMString"; Value = "10K ±5% 0.063W 0402"; VariantName = "[No Variations]"
Add component (AddParameter): Name = "HelpURL"; Value = ""; VariantName = "[No Variations]"
Add component (AddParameter): Name = "Manufacturer"; Value = "Samsung"; VariantName = "[No Variations]"
Add component (AddParameter): Name = "Name"; Value = "RC1005J102CS"; VariantName = "[No Variations]"
Add component (AddParameter): Name = "Power"; Value = "0.063W"; VariantName = "[No Variations]"
Add component (AddParameter): Name = "Resistance"; Value = "10K"; VariantName = "[No Variations]"
Add component (AddParameter): Name = "Supplier"; Value = ""; VariantName = "[No Variations]"
Add component (AddParameter): Name = "Tolerance"; Value = "±5%"; VariantName = "[No Variations]"
Added Component: Designator=R?(0402)
Add component (AddParameter): Name = "BOMString"; Value = "0 Ohm ±5% 0.063W 0402"; VariantName = "[No Variations]"
Add component (AddParameter): Name = "HelpURL"; Value = ""; VariantName = "[No Variations]"
Add component (AddParameter): Name = "Manufacturer"; Value = "Samsung"; VariantName = "[No Variations]"
Add component (AddParameter): Name = "Name"; Value = "RC1005J102CS"; VariantName = "[No Variations]"
Add component (AddParameter): Name = "Power"; Value = "0.063W"; VariantName = "[No Variations]"
Add component (AddParameter): Name = "Resistance"; Value = "0 Ohm"; VariantName = "[No Variations]"
Add component (AddParameter): Name = "Supplier"; Value = ""; VariantName = "[No Variations]"
Add component (AddParameter): Name = "Tolerance"; Value = "±5%"; VariantName = "[No Variations]"
Added Component: Designator=S?(B3U1000PB)
Add component (AddParameter): Name = "BOMString"; Value = "B3U1000PB"; VariantName = "[No Variations]"
Add component (AddParameter): Name = "Datasheet"; Value = "http://www.te.com/usa-en/product-1437566-3.html"; VariantName = "[No Variations]"
Add component (AddParameter): Name = "Name"; Value = "B3U1000PB"; VariantName = "[No Variations]"
Add component (AddParameter): Name = "Price(1)"; Value = "0.218"; VariantName = "[No Variations]"
Add component (AddParameter): Name = "Price(100)"; Value = "0.1817"; VariantName = "[No Variations]"
Add component (AddParameter): Name = "Supplier"; Value = "http://www.compel.ru/infosheet/TE/1437566-3"; VariantName = "[No Variations]"
Add component (AddParameter): Name = "Value"; Value = "B3U1000PB"; VariantName = "[No Variations]"
Added Component: Designator=S?(B3U1000PB)
Add component (AddParameter): Name = "BOMString"; Value = "B3U1000PB"; VariantName = "[No Variations]"
Add component (AddParameter): Name = "Datasheet"; Value = "http://www.te.com/usa-en/product-1437566-3.html"; VariantName = "[No Variations]"
Add component (AddParameter): Name = "Name"; Value = "B3U1000PB"; VariantName = "[No Variations]"
Add component (AddParameter): Name = "Price(1)"; Value = "0.218"; VariantName = "[No Variations]"
Add component (AddParameter): Name = "Price(100)"; Value = "0.1817"; VariantName = "[No Variations]"
Add component (AddParameter): Name = "Supplier"; Value = "http://www.compel.ru/infosheet/TE/1437566-3"; VariantName = "[No Variations]"
Add component (AddParameter): Name = "Value"; Value = "B3U1000PB"; VariantName = "[No Variations]"
Added Component: Designator=U?(SOT-23-6)
Add component (AddParameter): Name = "BOMString"; Value = "5-60V buck voltage regulator"; VariantName = "[No Variations]"
Add component (AddParameter): Name = "HQ Part"; Value = "IC0335923"; VariantName = "[No Variations]"
Add component (AddParameter): Name = "Manufacturer"; Value = "TI"; VariantName = "[No Variations]"
Add component (AddParameter): Name = "Name"; Value = "LMR16006YDDCR"; VariantName = "[No Variations]"
Added Component: Designator=U?(QFN-48-0.5-7x7_TP)
Added Component: Designator=U?(TQFP48-0.5-EP)
Added Component: Designator=U?(TSSOP-14-0.65)
Added Component: Designator=Y?(3225)
Add component (AddParameter): Name = "BOMString"; Value = "8MHz ±10ppm 3225"; VariantName = "[No Variations]"
Add component (AddParameter): Name = "Frequency"; Value = "8MHz"; VariantName = "[No Variations]"
Add component (AddParameter): Name = "HelpURL"; Value = "http://geyer-electronic.de/uploads/tx_userartikelfrequenz/GEYER-KX-9A_01.pdf"; VariantName = "[No Variations]"
Add component (AddParameter): Name = "Manufacturer"; Value = ""; VariantName = "[No Variations]"
Add component (AddParameter): Name = "Name"; Value = "XTAL3225"; VariantName = "[No Variations]"
Add component (AddParameter): Name = "Supplier"; Value = ""; VariantName = "[No Variations]"
Add component (AddParameter): Name = "Tolerance"; Value = "±10ppm"; VariantName = "[No Variations]"
Added Component: Designator=Y?(KX-KT)
Add component (AddParameter): Name = "BOMString"; Value = "32.768K ±20ppm KX-KT"; VariantName = "[No Variations]"
Add component (AddParameter): Name = "Frequency"; Value = "32.768K"; VariantName = "[No Variations]"
Add component (AddParameter): Name = "HelpURL"; Value = "url"; VariantName = "[No Variations]"
Add component (AddParameter): Name = "Manufacturer"; Value = ""; VariantName = "[No Variations]"
Add component (AddParameter): Name = "Name"; Value = "NX3215SA-32.768K"; VariantName = "[No Variations]"
Add component (AddParameter): Name = "Supplier"; Value = ""; VariantName = "[No Variations]"
Add component (AddParameter): Name = "Tolerance"; Value = "±20ppm"; VariantName = "[No Variations]"
Added Pin To Net: NetName=3.3V Pin=R?-2
Added Pin To Net: NetName=3.3V Pin=S?-1
Added Pin To Net: NetName=3.3V Pin=U?-23
Added Pin To Net: NetName=3.3V Pin=U?-35
Added Pin To Net: NetName=3.3V Pin=U?-48
Added Net: Name=3.3V
Added Pin To Net: NetName=CAN_FD_3V3 Pin=C?-1
Added Pin To Net: NetName=CAN_FD_3V3 Pin=C?-2
Added Pin To Net: NetName=CAN_FD_3V3 Pin=U?-5
Added Pin To Net: NetName=CAN_FD_3V3 Pin=U?-5
Added Net: Name=CAN_FD_3V3
Added Pin To Net: NetName=CAN_FD_5V Pin=C?-1
Added Pin To Net: NetName=CAN_FD_5V Pin=C?-1
Added Pin To Net: NetName=CAN_FD_5V Pin=C?-1
Added Pin To Net: NetName=CAN_FD_5V Pin=C?-2
Added Pin To Net: NetName=CAN_FD_5V Pin=L?-2
Added Pin To Net: NetName=CAN_FD_5V Pin=R?-2
Added Pin To Net: NetName=CAN_FD_5V Pin=U?-1
Added Pin To Net: NetName=CAN_FD_5V Pin=U?-3
Added Pin To Net: NetName=CAN_FD_5V Pin=U?-3
Added Net: Name=CAN_FD_5V
Added Pin To Net: NetName=CAN_FD_RX Pin=U?-4
Added Net: Name=CAN_FD_RX
Added Pin To Net: NetName=CAN_FD_TX Pin=U?-1
Added Net: Name=CAN_FD_TX
Added Pin To Net: NetName=CAN_N Pin=U?-6
Added Net: Name=CAN_N
Added Pin To Net: NetName=CAN_P Pin=R?-2
Added Pin To Net: NetName=CAN_P Pin=U?-7
Added Net: Name=CAN_P
Added Pin To Net: NetName=GND Pin=C?-1
Added Pin To Net: NetName=GND Pin=C?-1
Added Pin To Net: NetName=GND Pin=C?-1
Added Pin To Net: NetName=GND Pin=C?-1
Added Pin To Net: NetName=GND Pin=C?-2
Added Pin To Net: NetName=GND Pin=C?-2
Added Pin To Net: NetName=GND Pin=C?-2
Added Pin To Net: NetName=GND Pin=C?-2
Added Pin To Net: NetName=GND Pin=C?-2
Added Pin To Net: NetName=GND Pin=C?-2
Added Pin To Net: NetName=GND Pin=C?-2
Added Pin To Net: NetName=GND Pin=C?-2
Added Pin To Net: NetName=GND Pin=C?-2
Added Pin To Net: NetName=GND Pin=C?-2
Added Pin To Net: NetName=GND Pin=C?-2
Added Pin To Net: NetName=GND Pin=C?-2
Added Pin To Net: NetName=GND Pin=C?-2
Added Pin To Net: NetName=GND Pin=C?-2
Added Pin To Net: NetName=GND Pin=C?-2
Added Pin To Net: NetName=GND Pin=J?-2
Added Pin To Net: NetName=GND Pin=J?-2
Added Pin To Net: NetName=GND Pin=J?-N
Added Pin To Net: NetName=GND Pin=J?-N
Added Pin To Net: NetName=GND Pin=R?-1
Added Pin To Net: NetName=GND Pin=R?-1
Added Pin To Net: NetName=GND Pin=S?-2
Added Pin To Net: NetName=GND Pin=U?-0
Added Pin To Net: NetName=GND Pin=U?-2
Added Pin To Net: NetName=GND Pin=U?-2
Added Pin To Net: NetName=GND Pin=U?-2
Added Pin To Net: NetName=GND Pin=U?-8
Added Pin To Net: NetName=GND Pin=Y?-2
Added Pin To Net: NetName=GND Pin=Y?-4
Added Net: Name=GND
Added Pin To Net: NetName=NetC?_1 Pin=C?-1
Added Pin To Net: NetName=NetC?_1 Pin=J?-1
Added Pin To Net: NetName=NetC?_1 Pin=J?-1
Added Pin To Net: NetName=NetC?_1 Pin=J?-P
Added Pin To Net: NetName=NetC?_1 Pin=J?-P
Added Pin To Net: NetName=NetC?_1 Pin=R?-2
Added Pin To Net: NetName=NetC?_1 Pin=U?-5
Added Net: Name=NetC?_1
Added Pin To Net: NetName=NetC?_2 Pin=C?-2
Added Pin To Net: NetName=NetC?_2 Pin=U?-1
Added Net: Name=NetC?_2
Added Pin To Net: NetName=NetR?_1 Pin=R?-1
Added Net: Name=NetR?_1
Added Pin To Net: NetName=NRST Pin=C?-1
Added Pin To Net: NetName=NRST Pin=R?-1
Added Pin To Net: NetName=NRST Pin=S?-1
Added Pin To Net: NetName=NRST Pin=U?-7
Added Net: Name=NRST
Added Pin To Net: NetName=PB8_BOOT0 Pin=R?-2
Added Pin To Net: NetName=PB8_BOOT0 Pin=S?-2
Added Pin To Net: NetName=PB8_BOOT0 Pin=U?-46
Added Net: Name=PB8_BOOT0
Added Pin To Net: NetName=VBAT Pin=C?-1
Added Pin To Net: NetName=VBAT Pin=U?-1
Added Net: Name=VBAT
Added Net: Name=VB
Added Pin To Net: NetName=VCC Pin=C?-1
Added Pin To Net: NetName=VCC Pin=C?-1
Added Pin To Net: NetName=VCC Pin=C?-1
Added Pin To Net: NetName=VCC Pin=L?-1
Added Net: Name=VCC
Added Pin To Net: NetName=VDD33A Pin=C?-1
Added Pin To Net: NetName=VDD33A Pin=C?-1
Added Pin To Net: NetName=VDD33A Pin=L?-2
Added Pin To Net: NetName=VDD33A Pin=R?-1
Added Pin To Net: NetName=VDD33A Pin=U?-21
Added Net: Name=VDD33A
Added Pin To Net: NetName=VREF+ Pin=C?-1
Added Pin To Net: NetName=VREF+ Pin=R?-2
Added Net: Name=VREF+
Added Differential Pair: Name=CAN
Added Member To Class: ClassName=Logic Member=Component C? 100nF 16V X5R ±10% 
Added Member To Class: ClassName=Logic Member=Component C? 100nF 16V X5R ±10% 
Added Member To Class: ClassName=Logic Member=Component C? 100nF 16V X5R ±10% 
Added Member To Class: ClassName=Logic Member=Component C? 100nF 16V X5R ±10% 
Added Member To Class: ClassName=Logic Member=Component C? 100nF 16V X5R ±10% 
Added Member To Class: ClassName=Logic Member=Component C? 6pF 16V X5R ±10% 
Added Member To Class: ClassName=Logic Member=Component C? 6pF 16V X5R ±10% 
Added Member To Class: ClassName=Logic Member=Component C? 10pF 16V X5R ±10% 
Added Member To Class: ClassName=Logic Member=Component C? 100nF 10V X5R ±10% 
Added Member To Class: ClassName=Logic Member=Component C? 10pF 16V X5R ±10% 
Added Member To Class: ClassName=Logic Member=Component C? 1uF 16V X5R ±10% 
Added Member To Class: ClassName=Logic Member=Component C? 100nF 10V X5R ±10% 
Added Member To Class: ClassName=Logic Member=Component C? 100nF 16V X5R ±10% 
Added Member To Class: ClassName=Logic Member=Component C? 10nF 16V X5R ±10% 
Added Member To Class: ClassName=Power_Supply Member=Component C? 10 µF 16V X5R ±10% 
Added Member To Class: ClassName=Power_Supply Member=Component C?  1 µF 10V X5R ±10% 
Added Member To Class: ClassName=Power_Supply Member=Component C? 1 µF 100V X7R ±10% 
Added Member To Class: ClassName=Power_Supply Member=Component C?  1 µF 10V X5R ±10% 
Added Member To Class: ClassName=Power_Supply Member=Component C? 0.1 µF 16V X7R ±10% 
Added Member To Class: ClassName=Power_Supply Member=Component C? 22 µF 10V X5R ±10% 
Added Member To Class: ClassName=Power_Supply Member=Component J? XT30U
Added Member To Class: ClassName=Power_Supply Member=Component J? XT30U
Added Member To Class: ClassName=Power_Supply Member=Component J? XT30PW-F
Added Member To Class: ClassName=Power_Supply Member=Component J? XT30PW
Added Member To Class: ClassName=Logic Member=Component L? 1K? 100Mhz 200mA ±20% 
Added Member To Class: ClassName=Power_Supply Member=Component L? 22uH 1.23 A ±20%
Added Member To Class: ClassName=Logic Member=Component R? 120 Ohm 1/4 W 
Added Member To Class: ClassName=Logic Member=Component R? 10K 0.063W 
Added Member To Class: ClassName=Logic Member=Component R? 10K 0.063W 
Added Member To Class: ClassName=Logic Member=Component R? 0 Ohm 0.063W 
Added Member To Class: ClassName=Power_Supply Member=Component R? 54,9 kOhm 1/16 W 
Added Member To Class: ClassName=Power_Supply Member=Component R? 10 kOhm 1/8 W 
Added Member To Class: ClassName=Power_Supply Member=Component R? 100 kOhm 1/8 W 
Added Member To Class: ClassName=Logic Member=Component S? B3U1000PB
Added Member To Class: ClassName=Logic Member=Component S? B3U1000PB
Added Member To Class: ClassName=Driver Member=Component U? TMC5160
Added Member To Class: ClassName=Driver Member=Component U? AS5047P
Added Member To Class: ClassName=Logic Member=Component U? CAN_FD
Added Member To Class: ClassName=Logic Member=Component U? STM32G431CBU6
Added Member To Class: ClassName=Power_Supply Member=Component U? LMR16006YDDCR
Added Member To Class: ClassName=Power_Supply Member=Component U? LP5907MF-3.3
Added Member To Class: ClassName=Logic Member=Component Y? 8MHz ±10ppm 
Added Member To Class: ClassName=Logic Member=Component Y? 32.768K ±20ppm 
Added Room: Name=Driver
Added Room: Name=Logic
Added Room: Name=Power_Supply
