Removed Pin From Net: NetName=3.3V Pin=C14-2
Removed Pin From Net: NetName=3.3V Pin=C15-2
Removed Pin From Net: NetName=3.3V Pin=C16-2
Removed Pin From Net: NetName=3.3V Pin=C20-2
Removed Pin From Net: NetName=3.3V Pin=C21-2
Removed Pin From Net: NetName=3.3V Pin=C22-2
Removed Pin From Net: NetName=3.3V Pin=C23-2
Removed Pin From Net: NetName=3.3V Pin=D4-2
Removed Pin From Net: NetName=3.3V Pin=R9-1
Removed Pin From Net: NetName=3.3V Pin=R11-1
Removed Pin From Net: NetName=3.3V Pin=R13-1
Removed Pin From Net: NetName=3.3V Pin=U4-1
Removed Pin From Net: NetName=3.3V Pin=U5-2
Removed Member From Class: ClassName=Driver Member=C12
Removed Member From Class: ClassName=Driver Member=C14
Removed Member From Class: ClassName=Power_Supply Member=C25
Removed Member From Class: ClassName=Power_Supply Member=C27
Removed Member From Class: ClassName=Power_Supply Member=C29
Removed Member From Class: ClassName=Driver Member=D1
Removed Member From Class: ClassName=Power_Supply Member=D1
Removed Member From Class: ClassName=Driver Member=D2
Removed Member From Class: ClassName=Driver Member=J4
Removed Member From Class: ClassName=Driver Member=R3
Removed Member From Class: ClassName=Power_Supply Member=R5
Removed Member From Class: ClassName=Logic Member=R14
Removed Member From Class: ClassName=Power_Supply Member=R16
Removed Member From Class: ClassName=Power_Supply Member=U7
Added Pin To Net: NetName=P_GND Pin=C14-2
Added Pin To Net: NetName=P_GND Pin=C15-2
Added Pin To Net: NetName=P_GND Pin=C16-2
Added Pin To Net: NetName=P_GND Pin=C20-2
Added Pin To Net: NetName=P_GND Pin=C21-2
Added Pin To Net: NetName=P_GND Pin=C22-2
Added Pin To Net: NetName=P_GND Pin=C23-2
Added Pin To Net: NetName=P_GND Pin=D4-2
Added Pin To Net: NetName=P_GND Pin=R9-1
Added Pin To Net: NetName=P_GND Pin=R11-1
Added Pin To Net: NetName=P_GND Pin=R13-1
Added Pin To Net: NetName=P_GND Pin=U4-1
Added Pin To Net: NetName=P_GND Pin=U5-2
Added Net: Name=P_GND
Added Member To Class: ClassName=Logic Member=Component C2 4pF 50V C0G (NP0) ±0.25 pF 
Added Member To Class: ClassName=Logic Member=Component C9  1 µF 16V X5R ±10% 
Added Member To Class: ClassName=Logic Member=Component C10 10nF 16V X7R ±10% 
Added Member To Class: ClassName=Power_Supply Member=Component C13 10 µF 16V X5R ±10% 
Added Member To Class: ClassName=Power_Supply Member=Component C14 4,7 µF 100V X5R ±10% 
Added Member To Class: ClassName=Power_Supply Member=Component C16 100 nF 100V X5R ±10% 
Added Member To Class: ClassName=Power_Supply Member=Component C18 100nF 16V X7R ±10% 
Added Member To Class: ClassName=Power_Supply Member=Component C19 100nF 16V X7R ±10% 
Added Member To Class: ClassName=Power_Supply Member=Component C21 10 µF 16V X5R ±10% 
Added Member To Class: ClassName=Power_Supply Member=Component C22 10 µF 16V X5R ±10% 
Added Member To Class: ClassName=Power_Supply Member=Component C23 22 µF 10V X5R ±10% 
Added Member To Class: ClassName=Driver Member=Component C24 100 nF 100V X5R ±10% 
Added Member To Class: ClassName=Driver Member=Component C26 470nF 50V ±10% 
Added Member To Class: ClassName=Driver Member=Component C28 2.2?F 16V X5R 20% 
Added Member To Class: ClassName=Driver Member=Component C30  1 µF 16V X5R ±10% 
Added Member To Class: ClassName=Driver Member=Component C32 100 nF 100V X5R ±10% 
Added Member To Class: ClassName=Driver Member=Component C33 220 nF 25 X7R ±10% 
Added Member To Class: ClassName=Driver Member=Component C34 220 nF 25 X7R ±10% 
Added Member To Class: ClassName=Driver Member=Component C35 220 nF 25 X7R ±10% 
Added Member To Class: ClassName=Driver Member=Component C36 220 nF 25 X7R ±10% 
Added Member To Class: ClassName=Driver Member=Component C37 2.2 nF 100V X7R ±10% 
Added Member To Class: ClassName=Driver Member=Component C38 2.2 nF 100V X7R ±10% 
Added Member To Class: ClassName=Driver Member=Component C40 220 nF 100V X7S ±10% 
Added Member To Class: ClassName=Driver Member=Component C42 220 nF 100V X7S ±10% 
Added Member To Class: ClassName=Driver Member=Component C44 1 nF 100V X7R ±10% 
Added Member To Class: ClassName=Driver Member=Component C46 1 nF 100V X7R ±10% 
Added Member To Class: ClassName=Power_Supply Member=Component D4 STPS0560Z 60 V
Added Member To Class: ClassName=Driver Member=Component D6 BAT40V
Added Member To Class: ClassName=Driver Member=Component D7 BAT40V
Added Member To Class: ClassName=Driver Member=Component D8 BAT40V
Added Member To Class: ClassName=Logic Member=Component J3 JST-1.5-2
Added Member To Class: ClassName=Power_Supply Member=Component J5 XT30U
Added Member To Class: ClassName=Driver Member=Component J6 B4P-VH(LF)(SN)
Added Member To Class: ClassName=Power_Supply Member=Component L1 22uH 1.5 A ±20%
Added Member To Class: ClassName=Logic Member=Component MTH3 MTH_M3
Added Member To Class: ClassName=Logic Member=Component MTH4 MTH_M3
Added Member To Class: ClassName=Logic Member=Component R3 0 Ohm 1/16W 
Added Member To Class: ClassName=Logic Member=Component R6 1.5 kOhm 1/16W 
Added Member To Class: ClassName=Logic Member=Component R7 120 Ohm 1/8 W 
Added Member To Class: ClassName=Power_Supply Member=Component R8 100 kOhm 1/8 W 
Added Member To Class: ClassName=Power_Supply Member=Component R10 100 kOhm 1/8 W 
Added Member To Class: ClassName=Power_Supply Member=Component R12 54,9 kOhm 1/16 W 
Added Member To Class: ClassName=Power_Supply Member=Component R13 10K 1/5W 
Added Member To Class: ClassName=Driver Member=Component R15 10K 1/5W 
Added Member To Class: ClassName=Driver Member=Component R17 10 Ohm 1/16 W 
Added Member To Class: ClassName=Driver Member=Component R19 10 Ohm 1/16 W 
Added Member To Class: ClassName=Driver Member=Component R21 10 Ohm 1/16 W 
Added Member To Class: ClassName=Driver Member=Component R22 10 Ohm 1/16 W 
Added Member To Class: ClassName=Driver Member=Component R26 47 Ohm 1/16 W 
Added Member To Class: ClassName=Driver Member=Component R28 0.05 Ohm 1 W 
Added Member To Class: ClassName=Power_Supply Member=Component U4 LMR38020
Added Member To Class: ClassName=Power_Supply Member=Component U5 LMR16006YDDCR
Added Member To Class: ClassName=Driver Member=Component U6 AS5047P
Added Room: Name=Power_Supply
