Removed Pin From Net: NetName=NetC?_2 Pin=C?-2
Removed Pin From Net: NetName=NetC?_1 Pin=J?-1
Removed Pin From Net: NetName=NetC?_1 Pin=J?-1
Removed Pin From Net: NetName=GND Pin=J?-2
Removed Pin From Net: NetName=GND Pin=J?-2
Removed Pin From Net: NetName=GND Pin=J?-N
Removed Pin From Net: NetName=NetC?_1 Pin=J?-P
Removed Pin From Net: NetName=CAN_FD_TX Pin=U?-1
Removed Pin From Net: NetName=NetC?_2 Pin=U?-1
Removed Pin From Net: NetName=GND Pin=U?-2
Removed Pin From Net: NetName=CAN_FD_5V Pin=U?-3
Removed Pin From Net: NetName=CAN_FD_RX Pin=U?-4
Removed Pin From Net: NetName=CAN_FD_3V3 Pin=U?-5
Removed Pin From Net: NetName=NetC?_1 Pin=U?-5
Removed Pin From Net: NetName=CAN_N Pin=U?-6
Removed Pin From Net: NetName=CAN_P Pin=U?-7
Removed Pin From Net: NetName=GND Pin=U?-8
Removed Member From Class: ClassName=Power_Supply Member=J?
Added Pin To Net: NetName=CAN_FD_3V3 Pin=C?-1
Added Pin To Net: NetName=CAN_FD_5V Pin=C?-1
Added Pin To Net: NetName=CAN_FD_5V Pin=C?-1
Added Pin To Net: NetName=CAN_FD_5V Pin=C?-1
Added Pin To Net: NetName=GND Pin=C?-1
Added Pin To Net: NetName=GND Pin=C?-1
Added Pin To Net: NetName=NetC?_1 Pin=C?-1
Added Pin To Net: NetName=CAN_FD_3V3 Pin=C?-2
Added Pin To Net: NetName=CAN_FD_5V Pin=C?-2
Added Pin To Net: NetName=GND Pin=C?-2
Added Pin To Net: NetName=GND Pin=C?-2
Added Pin To Net: NetName=GND Pin=C?-2
Added Pin To Net: NetName=GND Pin=C?-2
Added Pin To Net: NetName=GND Pin=C?-2
Added Pin To Net: NetName=GND Pin=C?-2
Added Pin To Net: NetName=NetC?_2 Pin=C?-2
Added Pin To Net: NetName=NetC?_2 Pin=C?-2
Added Pin To Net: NetName=CAN_FD_5V Pin=L?-2
Added Pin To Net: NetName=GND Pin=R?-1
Added Pin To Net: NetName=NetR?_1 Pin=R?-1
Added Pin To Net: NetName=CAN_FD_5V Pin=R?-2
Added Pin To Net: NetName=CAN_P Pin=R?-2
Added Pin To Net: NetName=NetR?_1 Pin=R?-2
Added Pin To Net: NetName=CAN_FD_5V Pin=U?-1
Added Pin To Net: NetName=CAN_FD_TX Pin=U?-1
Added Pin To Net: NetName=GND Pin=U?-2
Added Pin To Net: NetName=GND Pin=U?-2
Added Pin To Net: NetName=CAN_FD_5V Pin=U?-3
Added Pin To Net: NetName=CAN_FD_5V Pin=U?-3
Added Pin To Net: NetName=NetC?_2 Pin=U?-3
Added Pin To Net: NetName=NetR?_1 Pin=U?-3
Added Pin To Net: NetName=CAN_FD_RX Pin=U?-4
Added Pin To Net: NetName=NetC?_2 Pin=U?-4
Added Pin To Net: NetName=CAN_FD_3V3 Pin=U?-5
Added Pin To Net: NetName=CAN_FD_3V3 Pin=U?-5
Added Pin To Net: NetName=CAN_N Pin=U?-6
Added Pin To Net: NetName=NetC?_1 Pin=U?-6
Added Pin To Net: NetName=CAN_P Pin=U?-7
Added Pin To Net: NetName=GND Pin=U?-8
Added Pin To Net: NetName=NetC?_1 Pin=Y?-1
Added Pin To Net: NetName=NetC?_2 Pin=Y?-1
Added Pin To Net: NetName=NetC?_2 Pin=Y?-2
Added Pin To Net: NetName=NetC?_1 Pin=Y?-3
Added Member To Class: ClassName=Logic Member=Component C? 100nF 10V X5R ±10% 
Added Member To Class: ClassName=Logic Member=Component C? 100nF 16V X5R ±10% 
Added Member To Class: ClassName=Logic Member=Component C? 10pF 16V X5R ±10% 
Added Member To Class: ClassName=Logic Member=Component C? 1uF 16V X5R ±10% 
Added Member To Class: ClassName=Logic Member=Component C? 100nF 16V X5R ±10% 
Added Member To Class: ClassName=Logic Member=Component C? 6pF 16V X5R ±10% 
Added Member To Class: ClassName=Logic Member=Component C? 100nF 16V X5R ±10% 
Added Member To Class: ClassName=Logic Member=Component C? 100nF 10V X5R ±10% 
Added Member To Class: ClassName=Logic Member=Component C? 10nF 16V X5R ±10% 
Added Member To Class: ClassName=Logic Member=Component C? 6pF 16V X5R ±10% 
Added Member To Class: ClassName=Logic Member=Component C? 10pF 16V X5R ±10% 
Added Member To Class: ClassName=Logic Member=Component C? 100nF 16V X5R ±10% 
Added Member To Class: ClassName=Logic Member=Component C? 100nF 16V X5R ±10% 
Added Member To Class: ClassName=Power_Supply Member=Component C?  1 µF 10V X5R ±10% 
Added Member To Class: ClassName=Power_Supply Member=Component C? 0.1 µF 16V X7R ±10% 
Added Member To Class: ClassName=Power_Supply Member=Component C? 22 µF 10V X5R ±10% 
Added Member To Class: ClassName=Power_Supply Member=Component C? 1 µF 100V X7R ±10% 
Added Member To Class: ClassName=Power_Supply Member=Component C? 10 µF 16V X5R ±10% 
Added Member To Class: ClassName=Logic Member=Component R? 120 Ohm 1/4 W 
Added Member To Class: ClassName=Logic Member=Component R? 10K 0.063W 
Added Member To Class: ClassName=Logic Member=Component R? 10K 0.063W 
Added Member To Class: ClassName=Power_Supply Member=Component R? 54,9 kOhm 1/16 W 
Added Member To Class: ClassName=Power_Supply Member=Component R? 100 kOhm 1/8 W 
Added Member To Class: ClassName=Logic Member=Component S? B3U1000PB
Added Member To Class: ClassName=Driver Member=Component U? AS5047P
Added Member To Class: ClassName=Logic Member=Component U? CAN_FD
Added Member To Class: ClassName=Power_Supply Member=Component U? LMR16006YDDCR
Added Member To Class: ClassName=Logic Member=Component Y? 32.768K ±20ppm 
Added Room: Name=Driver
Added Room: Name=Logic
Added Room: Name=Power_Supply
