Removed Pin From Net: NetName=GND_D Pin=C1-1
Removed Pin From Net: NetName=GND_D Pin=C4-1
Removed Pin From Net: NetName=GND_D Pin=C5-1
Removed Pin From Net: NetName=GND_D Pin=C6-1
Removed Pin From Net: NetName=GND_D Pin=C7-1
Removed Pin From Net: NetName=GND_D Pin=C8-1
Removed Pin From Net: NetName=GND_D Pin=C9-1
Removed Pin From Net: NetName=GND_D Pin=C10-2
Removed Pin From Net: NetName=GND_D Pin=C11-1
Removed Pin From Net: NetName=GND_D Pin=C12-2
Removed Pin From Net: NetName=GND_D Pin=C13-1
Removed Pin From Net: NetName=P_GND Pin=C14-2
Removed Pin From Net: NetName=P_GND Pin=C15-2
Removed Pin From Net: NetName=P_GND Pin=C16-2
Removed Pin From Net: NetName=P_GND Pin=C17-2
Removed Pin From Net: NetName=P_GND Pin=C18-2
Removed Pin From Net: NetName=P_GND Pin=C21-2
Removed Pin From Net: NetName=P_GND Pin=C22-2
Removed Pin From Net: NetName=P_GND Pin=C23-2
Removed Pin From Net: NetName=P_GND Pin=C24-2
Removed Pin From Net: NetName=GND_D Pin=D2-2
Removed Pin From Net: NetName=GND_D Pin=D3-3
Removed Pin From Net: NetName=GND_D Pin=J1-A1B12
Removed Pin From Net: NetName=GND_D Pin=J1-A12B1
Removed Pin From Net: NetName=GND_D Pin=LD1-2
Removed Pin From Net: NetName=GND_D Pin=LD2-2
Removed Pin From Net: NetName=GND_D Pin=P1-4
Removed Pin From Net: NetName=GND_D Pin=R2-2
Removed Pin From Net: NetName=P_GND Pin=R9-1
Removed Pin From Net: NetName=P_GND Pin=R11-1
Removed Pin From Net: NetName=P_GND Pin=R13-1
Removed Pin From Net: NetName=GND_D Pin=S1-2
Removed Pin From Net: NetName=GND_D Pin=U1-0
Removed Pin From Net: NetName=GND_D Pin=U2-2
Removed Pin From Net: NetName=GND_D Pin=U2-8
Removed Pin From Net: NetName=P_GND Pin=U3-2
Removed Pin From Net: NetName=P_GND Pin=U4-1
Removed Pin From Net: NetName=P_GND Pin=U5-2
Change component parameters: Designator = "C35" ("C35"); Footprint = "0603"; UniqueID = "\ZFMYOEXR" ("\ZFMYOEXR")
Change component parameters (AddParameter): Name = "BOMString"; Value = "220 nF 25 ±10% 0603"; VariantName = "[No Variations]"
Change component parameters (AddParameter): Name = "Capacitance"; Value = "220 nF"; VariantName = "[No Variations]"
Change component parameters (AddParameter): Name = "Dielectric"; Value = "X7R"; VariantName = "[No Variations]"
Change component parameters (AddParameter): Name = "HelpURL"; Value = ""; VariantName = "[No Variations]"
Change component parameters (AddParameter): Name = "HQ Part"; Value = ""; VariantName = "[No Variations]"
Change component parameters (AddParameter): Name = "Manufacturer"; Value = "CCTC"; VariantName = "[No Variations]"
Change component parameters (AddParameter): Name = "Name"; Value = "TCC0402X7R224K250AT"; VariantName = "[No Variations]"
Change component parameters (AddParameter): Name = "Supplier"; Value = ""; VariantName = "[No Variations]"
Change component parameters (AddParameter): Name = "Tolerance"; Value = "±10%"; VariantName = "[No Variations]"
Change component parameters (AddParameter): Name = "Voltage"; Value = "25"; VariantName = "[No Variations]"
Change component parameters: Designator = "C36" ("C36"); Footprint = "0603"; UniqueID = "\EMIVDVCS" ("\EMIVDVCS")
Change component parameters (AddParameter): Name = "BOMString"; Value = "220 nF 25 ±10% 0603"; VariantName = "[No Variations]"
Change component parameters (AddParameter): Name = "Capacitance"; Value = "220 nF"; VariantName = "[No Variations]"
Change component parameters (AddParameter): Name = "Dielectric"; Value = "X7R"; VariantName = "[No Variations]"
Change component parameters (AddParameter): Name = "HelpURL"; Value = ""; VariantName = "[No Variations]"
Change component parameters (AddParameter): Name = "HQ Part"; Value = ""; VariantName = "[No Variations]"
Change component parameters (AddParameter): Name = "Manufacturer"; Value = "CCTC"; VariantName = "[No Variations]"
Change component parameters (AddParameter): Name = "Name"; Value = "TCC0402X7R224K250AT"; VariantName = "[No Variations]"
Change component parameters (AddParameter): Name = "Supplier"; Value = ""; VariantName = "[No Variations]"
Change component parameters (AddParameter): Name = "Tolerance"; Value = "±10%"; VariantName = "[No Variations]"
Change component parameters (AddParameter): Name = "Voltage"; Value = "25"; VariantName = "[No Variations]"
Added Pin To Net: NetName=GND Pin=C1-1
Added Pin To Net: NetName=GND Pin=C4-1
Added Pin To Net: NetName=GND Pin=C5-1
Added Pin To Net: NetName=GND Pin=C6-1
Added Pin To Net: NetName=GND Pin=C7-1
Added Pin To Net: NetName=GND Pin=C8-1
Added Pin To Net: NetName=GND Pin=C9-1
Added Pin To Net: NetName=GND Pin=C10-2
Added Pin To Net: NetName=GND Pin=C11-1
Added Pin To Net: NetName=GND Pin=C12-2
Added Pin To Net: NetName=GND Pin=C13-1
Added Pin To Net: NetName=GND Pin=C14-2
Added Pin To Net: NetName=GND Pin=C15-2
Added Pin To Net: NetName=GND Pin=C16-2
Added Pin To Net: NetName=GND Pin=C17-2
Added Pin To Net: NetName=GND Pin=C18-2
Added Pin To Net: NetName=GND Pin=C21-2
Added Pin To Net: NetName=GND Pin=C22-2
Added Pin To Net: NetName=GND Pin=C23-2
Added Pin To Net: NetName=GND Pin=C24-2
Added Pin To Net: NetName=GND Pin=D2-2
Added Pin To Net: NetName=GND Pin=D3-3
Added Pin To Net: NetName=GND Pin=J1-A1B12
Added Pin To Net: NetName=GND Pin=J1-A12B1
Added Pin To Net: NetName=GND Pin=LD1-2
Added Pin To Net: NetName=GND Pin=LD2-2
Added Pin To Net: NetName=GND Pin=P1-4
Added Pin To Net: NetName=GND Pin=R2-2
Added Pin To Net: NetName=GND Pin=R9-1
Added Pin To Net: NetName=GND Pin=R11-1
Added Pin To Net: NetName=GND Pin=R13-1
Added Pin To Net: NetName=GND Pin=S1-2
Added Pin To Net: NetName=GND Pin=U1-0
Added Pin To Net: NetName=GND Pin=U2-2
Added Pin To Net: NetName=GND Pin=U2-8
Added Pin To Net: NetName=GND Pin=U3-2
Added Pin To Net: NetName=GND Pin=U4-1
Added Pin To Net: NetName=GND Pin=U5-2
