Removed Pin From Net: NetName=ENC_SCK Pin=U1-13
Removed Pin From Net: NetName=ENC_MISO Pin=U1-14
Removed Pin From Net: NetName=ENC_MOSI Pin=U1-15
Removed Pin From Net: NetName=TMC_SCK Pin=U1-26
Removed Pin From Net: NetName=TMC_MISO Pin=U1-27
Removed Pin From Net: NetName=TMC_MOS Pin=U1-28
Added Component: Designator=C_RX1(TP_CIRCLE1mm)
Added Component: Designator=C_TX1(TP_CIRCLE1mm)
Added Component: Designator=J5(XT30U-M)
Added Pin To Net: NetName=CAN_FD_RX Pin=C_RX1-1
Added Pin To Net: NetName=CAN_FD_TX Pin=C_TX1-1
Added Pin To Net: NetName=48V Pin=J5-1
Added Pin To Net: NetName=GND Pin=J5-2
Added Pin To Net: NetName=TMC_SCK Pin=U1-13
Added Pin To Net: NetName=TMC_MISO Pin=U1-14
Added Pin To Net: NetName=TMC_MOS Pin=U1-15
Added Pin To Net: NetName=ENC_SCK Pin=U1-26
Added Pin To Net: NetName=ENC_MISO Pin=U1-27
Added Pin To Net: NetName=ENC_MOSI Pin=U1-28
Added Member To Class: ClassName=Logic Member=Component C_RX1 TestPoint
Added Member To Class: ClassName=Logic Member=Component C_TX1 TestPoint
Added Member To Class: ClassName=Logic Member=Component J3 JST-1.5-2
Added Member To Class: ClassName=Power_Supply Member=Component J5 XT30U
