Removed Pin From Net: NetName=G4 Pin=D5-1
Removed Pin From Net: NetName=G1 Pin=D5-3
Removed Pin From Net: NetName=HB2 Pin=D5-4
Removed Pin From Net: NetName=HB1 Pin=D5-6
Removed Pin From Net: NetName=G3 Pin=D6-1
Removed Pin From Net: NetName=LB1 Pin=D6-6
Removed Pin From Net: NetName=G4_2 Pin=D7-1
Removed Pin From Net: NetName=G1_2 Pin=D7-3
Removed Pin From Net: NetName=HA2 Pin=D7-4
Removed Pin From Net: NetName=HA1 Pin=D7-6
Removed Pin From Net: NetName=G3_2 Pin=D8-1
Removed Pin From Net: NetName=LA1 Pin=D8-6
Change Component Designator: OldDesignator=D6 NewDesignator=D5
Change Component Designator: OldDesignator=D8 NewDesignator=D7
Added Component: Designator=D6(SOT563-6)
Added Component: Designator=D8(SOT563-6)
Added Pin To Net: NetName=G1 Pin=D5-1
Added Pin To Net: NetName=HB2 Pin=D5-6
Added Pin To Net: NetName=G3 Pin=D6-1
Added Pin To Net: NetName=G4 Pin=D6-3
Added Pin To Net: NetName=HB1 Pin=D6-4
Added Pin To Net: NetName=LB1 Pin=D6-6
Added Pin To Net: NetName=G1_2 Pin=D7-1
Added Pin To Net: NetName=HA2 Pin=D7-6
Added Pin To Net: NetName=G3_2 Pin=D8-1
Added Pin To Net: NetName=G4_2 Pin=D8-3
Added Pin To Net: NetName=HA1 Pin=D8-4
Added Pin To Net: NetName=LA1 Pin=D8-6
Added Member To Class: ClassName=Driver Member=Component D8 BAT40V
