Removed Pin From Net: NetName=3.3V Pin=C24-2
Removed Pin From Net: NetName=3.3V Pin=C25-1
Removed Pin From Net: NetName=3.3V Pin=C26-1
Removed Pin From Net: NetName=3.3V Pin=C27-1
Removed Pin From Net: NetName=3.3V Pin=C28-1
Removed Pin From Net: NetName=3.3V Pin=C39-2
Removed Pin From Net: NetName=3.3V Pin=C40-2
Removed Pin From Net: NetName=3.3V Pin=C41-1
Removed Pin From Net: NetName=3.3V Pin=C43-1
Removed Pin From Net: NetName=3.3V Pin=C44-1
Removed Pin From Net: NetName=3.3V Pin=C45-1
Removed Pin From Net: NetName=3.3V Pin=C46-1
Removed Pin From Net: NetName=3.3V Pin=C47-1
Removed Pin From Net: NetName=3.3V Pin=J4-2
Removed Pin From Net: NetName=3.3V Pin=J5-2
Removed Pin From Net: NetName=3.3V Pin=R25-2
Removed Pin From Net: NetName=3.3V Pin=R27-2
Removed Pin From Net: NetName=3.3V Pin=R28-1
Removed Pin From Net: NetName=3.3V Pin=R29-1
Removed Pin From Net: NetName=3.3V Pin=U6-5
Removed Pin From Net: NetName=3.3V Pin=U6-13
Added Pin To Net: NetName=GND Pin=C24-2
Added Pin To Net: NetName=GND Pin=C25-1
Added Pin To Net: NetName=GND Pin=C26-1
Added Pin To Net: NetName=GND Pin=C27-1
Added Pin To Net: NetName=GND Pin=C28-1
Added Pin To Net: NetName=GND Pin=C39-2
Added Pin To Net: NetName=GND Pin=C40-2
Added Pin To Net: NetName=GND Pin=C41-1
Added Pin To Net: NetName=GND Pin=C43-1
Added Pin To Net: NetName=GND Pin=C44-1
Added Pin To Net: NetName=GND Pin=C45-1
Added Pin To Net: NetName=GND Pin=C46-1
Added Pin To Net: NetName=GND Pin=C47-1
Added Pin To Net: NetName=GND Pin=J4-2
Added Pin To Net: NetName=GND Pin=J5-2
Added Pin To Net: NetName=GND Pin=R25-2
Added Pin To Net: NetName=GND Pin=R27-2
Added Pin To Net: NetName=GND Pin=R28-1
Added Pin To Net: NetName=GND Pin=R29-1
Added Pin To Net: NetName=GND Pin=U6-5
Added Pin To Net: NetName=GND Pin=U6-13
Added Net: Name=GND
