Removed Pin From Net: NetName=3.3V Pin=C13-2
Removed Pin From Net: NetName=3.3V Pin=C14-2
Removed Pin From Net: NetName=3.3V Pin=C15-2
Removed Pin From Net: NetName=3.3V Pin=C16-2
Removed Pin From Net: NetName=3.3V Pin=C17-2
Removed Pin From Net: NetName=3.3V Pin=C20-2
Removed Pin From Net: NetName=3.3V Pin=C21-2
Removed Pin From Net: NetName=3.3V Pin=C22-2
Removed Pin From Net: NetName=3.3V Pin=C23-2
Removed Pin From Net: NetName=3.3V Pin=D4-2
Removed Pin From Net: NetName=3.3V Pin=R9-1
Removed Pin From Net: NetName=3.3V Pin=R11-1
Removed Pin From Net: NetName=3.3V Pin=R13-1
Removed Pin From Net: NetName=3.3V Pin=U3-2
Removed Pin From Net: NetName=3.3V Pin=U4-1
Removed Pin From Net: NetName=3.3V Pin=U5-2
Added Pin To Net: NetName=P_GND Pin=C13-2
Added Pin To Net: NetName=P_GND Pin=C14-2
Added Pin To Net: NetName=P_GND Pin=C15-2
Added Pin To Net: NetName=P_GND Pin=C16-2
Added Pin To Net: NetName=P_GND Pin=C17-2
Added Pin To Net: NetName=P_GND Pin=C20-2
Added Pin To Net: NetName=P_GND Pin=C21-2
Added Pin To Net: NetName=P_GND Pin=C22-2
Added Pin To Net: NetName=P_GND Pin=C23-2
Added Pin To Net: NetName=P_GND Pin=D4-2
Added Pin To Net: NetName=P_GND Pin=R9-1
Added Pin To Net: NetName=P_GND Pin=R11-1
Added Pin To Net: NetName=P_GND Pin=R13-1
Added Pin To Net: NetName=P_GND Pin=U3-2
Added Pin To Net: NetName=P_GND Pin=U4-1
Added Pin To Net: NetName=P_GND Pin=U5-2
Added Net: Name=P_GND
