Removed Member From Class: ClassName=Power_Supply Member=C42
Removed Member From Class: ClassName=Power_Supply Member=C43
Removed Member From Class: ClassName=Power_Supply Member=J6
Removed Member From Class: ClassName=Power_Supply Member=L3
Removed Member From Class: ClassName=Driver Member=R26
Removed Member From Class: ClassName=Logic Member=R28
Removed Member From Class: ClassName=Power_Supply Member=U7
Change Component Designator: OldDesignator=C2 NewDesignator=C4
Change Component Designator: OldDesignator=C3 NewDesignator=C2
Change Component Designator: OldDesignator=C4 NewDesignator=C10
Change Component Designator: OldDesignator=C7 NewDesignator=C9
Change Component Designator: OldDesignator=C8 NewDesignator=C3
Change Component Designator: OldDesignator=C9 NewDesignator=C7
Change Component Designator: OldDesignator=C10 NewDesignator=C8
Change Component Designator: OldDesignator=C12 NewDesignator=C13
Change Component Designator: OldDesignator=C13 NewDesignator=C15
Change Component Designator: OldDesignator=C14 NewDesignator=C23
Change Component Designator: OldDesignator=C15 NewDesignator=C21
Change Component Designator: OldDesignator=C16 NewDesignator=C17
Change Component Designator: OldDesignator=C17 NewDesignator=C18
Change Component Designator: OldDesignator=C18 NewDesignator=C19
Change Component Designator: OldDesignator=C19 NewDesignator=C20
Change Component Designator: OldDesignator=C20 NewDesignator=C22
Change Component Designator: OldDesignator=C21 NewDesignator=C24
Change Component Designator: OldDesignator=C22 NewDesignator=C25
Change Component Designator: OldDesignator=C23 NewDesignator=C26
Change Component Designator: OldDesignator=C24 NewDesignator=C27
Change Component Designator: OldDesignator=C25 NewDesignator=C28
Change Component Designator: OldDesignator=C26 NewDesignator=C29
Change Component Designator: OldDesignator=C27 NewDesignator=C30
Change Component Designator: OldDesignator=C28 NewDesignator=C31
Change Component Designator: OldDesignator=C29 NewDesignator=C32
Change Component Designator: OldDesignator=C30 NewDesignator=C33
Change Component Designator: OldDesignator=C31 NewDesignator=C34
Change Component Designator: OldDesignator=C32 NewDesignator=C35
Change Component Designator: OldDesignator=C33 NewDesignator=C36
Change Component Designator: OldDesignator=C34 NewDesignator=C37
Change Component Designator: OldDesignator=C35 NewDesignator=C38
Change Component Designator: OldDesignator=C36 NewDesignator=C39
Change Component Designator: OldDesignator=C37 NewDesignator=C40
Change Component Designator: OldDesignator=C38 NewDesignator=C41
Change Component Designator: OldDesignator=C39 NewDesignator=C42
Change Component Designator: OldDesignator=C40 NewDesignator=C43
Change Component Designator: OldDesignator=C41 NewDesignator=C44
Change Component Designator: OldDesignator=C42 NewDesignator=C14
Change Component Designator: OldDesignator=C43 NewDesignator=C16
Change Component Designator: OldDesignator=C44 NewDesignator=C45
Change Component Designator: OldDesignator=C45 NewDesignator=C46
Change Component Designator: OldDesignator=C46 NewDesignator=C12
Change Component Designator: OldDesignator=D1 NewDesignator=D6
Change Component Designator: OldDesignator=D2 NewDesignator=D5
Change Component Designator: OldDesignator=D3 NewDesignator=D8
Change Component Designator: OldDesignator=D4 NewDesignator=D7
Change Component Designator: OldDesignator=D5 NewDesignator=D3
Change Component Designator: OldDesignator=D6 NewDesignator=D4
Change Component Designator: OldDesignator=D7 NewDesignator=D1
Change Component Designator: OldDesignator=D8 NewDesignator=D2
Change Component Designator: OldDesignator=J1 NewDesignator=J2
Change Component Designator: OldDesignator=J2 NewDesignator=J3
Change Component Designator: OldDesignator=J3 NewDesignator=J1
Change Component Designator: OldDesignator=J4 NewDesignator=J5
Change Component Designator: OldDesignator=J5 NewDesignator=J6
Change Component Designator: OldDesignator=J6 NewDesignator=J4
Change Component Designator: OldDesignator=L1 NewDesignator=L2
Change Component Designator: OldDesignator=L3 NewDesignator=L1
Change Component Designator: OldDesignator=MTH1 NewDesignator=MTH3
Change Component Designator: OldDesignator=MTH2 NewDesignator=MTH4
Change Component Designator: OldDesignator=MTH3 NewDesignator=MTH1
Change Component Designator: OldDesignator=MTH4 NewDesignator=MTH2
Change Component Designator: OldDesignator=R3 NewDesignator=R7
Change Component Designator: OldDesignator=R4 NewDesignator=R8
Change Component Designator: OldDesignator=R5 NewDesignator=R12
Change Component Designator: OldDesignator=R6 NewDesignator=R13
Change Component Designator: OldDesignator=R7 NewDesignator=R14
Change Component Designator: OldDesignator=R8 NewDesignator=R15
Change Component Designator: OldDesignator=R9 NewDesignator=R4
Change Component Designator: OldDesignator=R10 NewDesignator=R9
Change Component Designator: OldDesignator=R11 NewDesignator=R10
Change Component Designator: OldDesignator=R12 NewDesignator=R11
Change Component Designator: OldDesignator=R13 NewDesignator=R5
Change Component Designator: OldDesignator=R14 NewDesignator=R6
Change Component Designator: OldDesignator=R15 NewDesignator=R16
Change Component Designator: OldDesignator=R16 NewDesignator=R17
Change Component Designator: OldDesignator=R17 NewDesignator=R18
Change Component Designator: OldDesignator=R18 NewDesignator=R19
Change Component Designator: OldDesignator=R19 NewDesignator=R26
Change Component Designator: OldDesignator=R20 NewDesignator=R21
Change Component Designator: OldDesignator=R21 NewDesignator=R22
Change Component Designator: OldDesignator=R22 NewDesignator=R29
Change Component Designator: OldDesignator=R25 NewDesignator=R20
Change Component Designator: OldDesignator=R26 NewDesignator=R25
Change Component Designator: OldDesignator=R28 NewDesignator=R3
Change Component Designator: OldDesignator=R29 NewDesignator=R28
Change Component Designator: OldDesignator=U4 NewDesignator=U5
Change Component Designator: OldDesignator=U5 NewDesignator=U6
Change Component Designator: OldDesignator=U6 NewDesignator=U7
Change Component Designator: OldDesignator=U7 NewDesignator=U4
Change Net Name : Old Net Name=NetC3_1 New Net Name=NetC2_1
Change Net Name : Old Net Name=NetC8_1 New Net Name=NetC3_1
Change Net Name : Old Net Name=NetC17_1 New Net Name=NetC18_1
Change Net Name : Old Net Name=NetC17_2 New Net Name=NetC18_2
Change Net Name : Old Net Name=NetC18_1 New Net Name=NetC19_1
Change Net Name : Old Net Name=NetC18_2 New Net Name=NetC19_2
Change Net Name : Old Net Name=NetC22_2 New Net Name=NetC25_2
Change Net Name : Old Net Name=NetC23_2 New Net Name=NetC26_2
Change Net Name : Old Net Name=NetC24_2 New Net Name=NetC27_2
Change Net Name : Old Net Name=NetC25_2 New Net Name=NetC28_2
Change Net Name : Old Net Name=NetC26_1 New Net Name=NetC29_1
Change Net Name : Old Net Name=NetC27_1 New Net Name=NetC30_1
Change Net Name : Old Net Name=NetC28_1 New Net Name=NetC31_1
Change Net Name : Old Net Name=NetC28_2 New Net Name=NetC31_2
Change Net Name : Old Net Name=NetC29_1 New Net Name=NetC32_1
Change Net Name : Old Net Name=NetC30_1 New Net Name=NetC33_1
Change Net Name : Old Net Name=NetC30_2 New Net Name=NetC33_2
Change Net Name : Old Net Name=NetC31_1 New Net Name=NetC34_1
Change Net Name : Old Net Name=NetC31_2 New Net Name=NetC34_2
Change Net Name : Old Net Name=NetC32_1 New Net Name=NetC35_1
Change Net Name : Old Net Name=NetC32_2 New Net Name=NetC35_2
Change Net Name : Old Net Name=NetC33_1 New Net Name=NetC36_1
Change Net Name : Old Net Name=NetC33_2 New Net Name=NetC36_2
Change Net Name : Old Net Name=NetC34_1 New Net Name=NetC37_1
Change Net Name : Old Net Name=NetC34_2 New Net Name=NetC37_2
Change Net Name : Old Net Name=NetC35_1 New Net Name=NetC38_1
Change Net Name : Old Net Name=NetC35_2 New Net Name=NetC38_2
Change Net Name : Old Net Name=NetD1_3 New Net Name=NetD6_3
Change Net Name : Old Net Name=NetD1_4 New Net Name=NetD6_4
Change Net Name : Old Net Name=NetD2_3 New Net Name=NetD5_3
Change Net Name : Old Net Name=NetD2_4 New Net Name=NetD5_4
Change Net Name : Old Net Name=NetD3_3 New Net Name=NetD8_3
Change Net Name : Old Net Name=NetD3_4 New Net Name=NetD8_4
Change Net Name : Old Net Name=NetD4_3 New Net Name=NetD7_3
Change Net Name : Old Net Name=NetD4_4 New Net Name=NetD7_4
Change Net Name : Old Net Name=NetD7_2 New Net Name=NetD1_2
Change Net Name : Old Net Name=NetJ3_A5 New Net Name=NetJ1_A5
Change Net Name : Old Net Name=NetJ3_B5 New Net Name=NetJ1_B5
Change Net Name : Old Net Name=NetR3_1 New Net Name=NetR7_1
Change Net Name : Old Net Name=NetR4_1 New Net Name=NetR8_1
Change Net Name : Old Net Name=NetR5_1 New Net Name=NetR12_1
Change Net Name : Old Net Name=NetR10_2 New Net Name=NetR9_2
Change Net Name : Old Net Name=NetR11_1 New Net Name=NetR10_1
Added Pin To Net: NetName=NetD5_1 Pin=D5-1
Added Pin To Net: NetName=NetD5_1 Pin=Q2-1
Added Pin To Net: NetName=NetD5_1 Pin=R23-2
Added Net: Name=NetD5_1
Added Pin To Net: NetName=NetD5_6 Pin=D5-6
Added Pin To Net: NetName=NetD5_6 Pin=R23-1
Added Pin To Net: NetName=NetD5_6 Pin=U7-44
Added Net: Name=NetD5_6
Added Pin To Net: NetName=NetD6_1 Pin=D6-1
Added Pin To Net: NetName=NetD6_1 Pin=Q2-9
Added Pin To Net: NetName=NetD6_1 Pin=R17-2
Added Net: Name=NetD6_1
Added Pin To Net: NetName=NetD6_6 Pin=D6-6
Added Pin To Net: NetName=NetD6_6 Pin=R17-1
Added Pin To Net: NetName=NetD6_6 Pin=U7-47
Added Net: Name=NetD6_6
Added Pin To Net: NetName=NetD7_1 Pin=D7-1
Added Pin To Net: NetName=NetD7_1 Pin=Q1-1
Added Pin To Net: NetName=NetD7_1 Pin=R19-2
Added Net: Name=NetD7_1
Added Pin To Net: NetName=NetD7_6 Pin=D7-6
Added Pin To Net: NetName=NetD7_6 Pin=R19-1
Added Pin To Net: NetName=NetD7_6 Pin=U7-36
Added Net: Name=NetD7_6
Added Pin To Net: NetName=NetD8_1 Pin=D8-1
Added Pin To Net: NetName=NetD8_1 Pin=Q1-9
Added Pin To Net: NetName=NetD8_1 Pin=R21-2
Added Net: Name=NetD8_1
Added Pin To Net: NetName=NetD8_6 Pin=D8-6
Added Pin To Net: NetName=NetD8_6 Pin=R21-1
Added Pin To Net: NetName=NetD8_6 Pin=U7-39
Added Net: Name=NetD8_6
Added Member To Class: ClassName=Power_Supply Member=Component C22 10 µF 16V X5R ±10% 
Added Member To Class: ClassName=Power_Supply Member=Component C23 22 µF 10V X5R ±10% 
Added Member To Class: ClassName=Power_Supply Member=Component J5 XT30U
Added Member To Class: ClassName=Power_Supply Member=Component L2 22uH 1.5 A ±20%
Added Member To Class: ClassName=Logic Member=Component R7 120 Ohm 1/8 W 
Added Member To Class: ClassName=Driver Member=Component R29 0.05 Ohm 1 W 
Added Member To Class: ClassName=Power_Supply Member=Component U5 LMR16006YDDCR
Added Room: Name=Power_Supply
