Removed Pin From Net: NetName=SRAH_P Pin=C38-2
Removed Pin From Net: NetName=SRAH_N Pin=Q2-5
Removed Pin From Net: NetName=SRAH_N Pin=Q2-6
Removed Pin From Net: NetName=SRAH_N Pin=Q2-7
Removed Pin From Net: NetName=SRAH_N Pin=Q2-8
Removed Pin From Net: NetName=SRAH_N Pin=R24-2
Removed Pin From Net: NetName=SRAH_P Pin=R26-1
Removed Pin From Net: NetName=SRAH_N Pin=R28-2
Removed Pin From Net: NetName=SRAH_P Pin=U7-8
Change Net Name : Old Net Name=SRAH_N New Net Name=GND
Change Net Name : Old Net Name=SRAH_P New Net Name=NetQ1_5
Change Net Name : Old Net Name=SRAL_N New Net Name=SRAH_N
Change Net Name : Old Net Name=SRBH New Net Name=SRBH_P
Change Net Name : Old Net Name=SRBL New Net Name=SRBH_N
Added Pin To Net: NetName=NetQ2_5 Pin=Q2-5
Added Pin To Net: NetName=NetQ2_5 Pin=Q2-6
Added Pin To Net: NetName=NetQ2_5 Pin=Q2-7
Added Pin To Net: NetName=NetQ2_5 Pin=Q2-8
Added Pin To Net: NetName=NetQ2_5 Pin=R24-2
Added Pin To Net: NetName=NetQ2_5 Pin=R28-2
Added Net: Name=NetQ2_5
Added Pin To Net: NetName=SRAH_P Pin=C38-2
Added Pin To Net: NetName=SRAH_P Pin=R26-1
Added Pin To Net: NetName=SRAH_P Pin=U7-8
Added Net: Name=SRAH_P
Added Differential Pair: Name=SRBH
