Change Net Name : Old Net Name=NetC26_2 New Net Name=VCC
Change Net Name : Old Net Name=NetC27_2 New Net Name=5VOUT
Change Net Name : Old Net Name=NetC28_2 New Net Name=12VOUT
Change Net Name : Old Net Name=NetC29_1 New Net Name=SD_MODE
Change Net Name : Old Net Name=NetC31_1 New Net Name=CPO
Change Net Name : Old Net Name=NetC31_2 New Net Name=CPI
Change Net Name : Old Net Name=NetC32_1 New Net Name=VCP
Change Net Name : Old Net Name=NetC33_1 New Net Name=CB2
Change Net Name : Old Net Name=NetC33_2 New Net Name=BMB2
Change Net Name : Old Net Name=NetC34_1 New Net Name=CB1
Change Net Name : Old Net Name=NetC34_2 New Net Name=BMB1
Change Net Name : Old Net Name=NetC35_1 New Net Name=CA2
Change Net Name : Old Net Name=NetC35_2 New Net Name=BMA2
Change Net Name : Old Net Name=NetC36_1 New Net Name=CA1
Change Net Name : Old Net Name=NetC36_2 New Net Name=BMA1
Change Net Name : Old Net Name=NetC37_1 New Net Name=SRBL
Change Net Name : Old Net Name=NetC37_2 New Net Name=SRBH
Change Net Name : Old Net Name=NetC38_1 New Net Name=SRAL
Change Net Name : Old Net Name=NetC38_2 New Net Name=SRAH
Change Net Name : Old Net Name=NetD5_1 New Net Name=G1
Change Net Name : Old Net Name=NetD5_3 New Net Name=G4
Change Net Name : Old Net Name=NetD5_4 New Net Name=HB1
Change Net Name : Old Net Name=NetD5_6 New Net Name=HB2
Change Net Name : Old Net Name=NetD6_1 New Net Name=G3
Change Net Name : Old Net Name=NetD6_3 New Net Name=G2
Change Net Name : Old Net Name=NetD6_4 New Net Name=LB2
Change Net Name : Old Net Name=NetD6_6 New Net Name=LB1
Change Net Name : Old Net Name=NetD7_1 New Net Name=G1_2
Change Net Name : Old Net Name=NetD7_3 New Net Name=G4_2
Change Net Name : Old Net Name=NetD7_4 New Net Name=HA1
Change Net Name : Old Net Name=NetD7_6 New Net Name=HA2
Change Net Name : Old Net Name=NetD8_1 New Net Name=G3_2
Change Net Name : Old Net Name=NetD8_3 New Net Name=G2_2
Change Net Name : Old Net Name=NetD8_4 New Net Name=LA2
Change Net Name : Old Net Name=NetD8_6 New Net Name=LA1
Change Net Name : Old Net Name=NetU1_12 New Net Name=TMC_DRV_ENN
Change Net Name : Old Net Name=NetU1_25 New Net Name=TMC_CS
Change Net Name : Old Net Name=NetU1_26 New Net Name=TMC_SCK
Change Net Name : Old Net Name=NetU1_27 New Net Name=TMC_MISO
Change Net Name : Old Net Name=NetU1_28 New Net Name=TMC_MOS
Change Net Name : Old Net Name=NetU1_29 New Net Name=TMC_DIR
Change Net Name : Old Net Name=NetU1_30 New Net Name=TMC_PWM
