Removed Pin From Net: NetName=TMC_DRV_ENN Pin=U1-9
Removed Pin From Net: NetName=SPI_MODE Pin=U1-10
Removed Pin From Net: NetName=SD_MODE Pin=U1-11
Removed Pin From Net: NetName=TMC_PWM Pin=U1-12
Removed Pin From Net: NetName=TMC_SCK Pin=U1-13
Removed Pin From Net: NetName=TMC_MISO Pin=U1-14
Removed Pin From Net: NetName=TMC_MOS Pin=U1-15
Removed Pin From Net: NetName=ENC_CS Pin=U1-25
Removed Pin From Net: NetName=ENC_SCK Pin=U1-26
Removed Pin From Net: NetName=ENC_MISO Pin=U1-27
Removed Pin From Net: NetName=ENC_MOSI Pin=U1-28
Added Pin To Net: NetName=ENC_B Pin=U1-9
Added Pin To Net: NetName=ENC_A Pin=U1-10
Added Pin To Net: NetName=ENC_I Pin=U1-11
Added Pin To Net: NetName=TMC_DRV_ENN Pin=U1-12
Added Pin To Net: NetName=SPI_MODE Pin=U1-13
Added Pin To Net: NetName=SD_MODE Pin=U1-14
Added Pin To Net: NetName=TMC_PWM Pin=U1-15
Added Pin To Net: NetName=TMC_MOS Pin=U1-25
Added Pin To Net: NetName=TMC_SCK Pin=U1-26
Added Pin To Net: NetName=TMC_MISO Pin=U1-27
Added Pin To Net: NetName=ENC_SCK Pin=U1-39
Added Pin To Net: NetName=ENC_MISO Pin=U1-40
Added Pin To Net: NetName=ENC_CS Pin=U1-42
Added Pin To Net: NetName=ENC_MOSI Pin=U1-43
Added Room: Name=Driver
Added Room: Name=Logic.~(138)
Added Room: Name=Power_Supply
