Removed Pin From Net: NetName=NetR7_1 Pin=SW1-1
Removed Pin From Net: NetName=CAN_N Pin=SW1-2
Removed Member From Class: ClassName=Logic Member=SW1
Change component parameters: Designator = "C10" ("C10"); Footprint = "0402"; UniqueID = "\DBSIYKDP" ("\DBSIYKDP")
Change component parameters (AddParameter): Name = "BOMString"; Value = " 1 µF 16V ±10% 0402"; VariantName = "[No Variations]"
Change component parameters (AddParameter): Name = "Capacitance"; Value = " 1 µF"; VariantName = "[No Variations]"
Change component parameters (AddParameter): Name = "Dielectric"; Value = "X5R"; VariantName = "[No Variations]"
Change component parameters (AddParameter): Name = "HelpURL"; Value = ""; VariantName = "[No Variations]"
Change component parameters (AddParameter): Name = "HQ Part"; Value = ""; VariantName = "[No Variations]"
Change component parameters (AddParameter): Name = "Manufacturer"; Value = "Yageo"; VariantName = "[No Variations]"
Change component parameters (AddParameter): Name = "Name"; Value = "CC0402KRX5R7BB105"; VariantName = "[No Variations]"
Change component parameters (AddParameter): Name = "Supplier"; Value = ""; VariantName = "[No Variations]"
Change component parameters (AddParameter): Name = "Tolerance"; Value = "±10%"; VariantName = "[No Variations]"
Change component parameters (AddParameter): Name = "Voltage"; Value = "16V"; VariantName = "[No Variations]"
Change component parameters: Designator = "C12" ("C12"); Footprint = "0402"; UniqueID = "\HFSFIPEZ" ("\HFSFIPEZ")
Change component parameters (AddParameter): Name = "BOMString"; Value = " 1 µF 16V ±10% 0402"; VariantName = "[No Variations]"
Change component parameters (AddParameter): Name = "Capacitance"; Value = " 1 µF"; VariantName = "[No Variations]"
Change component parameters (AddParameter): Name = "Dielectric"; Value = "X5R"; VariantName = "[No Variations]"
Change component parameters (AddParameter): Name = "HelpURL"; Value = ""; VariantName = "[No Variations]"
Change component parameters (AddParameter): Name = "HQ Part"; Value = ""; VariantName = "[No Variations]"
Change component parameters (AddParameter): Name = "Manufacturer"; Value = "Yageo"; VariantName = "[No Variations]"
Change component parameters (AddParameter): Name = "Name"; Value = "CC0402KRX5R7BB105"; VariantName = "[No Variations]"
Change component parameters (AddParameter): Name = "Supplier"; Value = ""; VariantName = "[No Variations]"
Change component parameters (AddParameter): Name = "Tolerance"; Value = "±10%"; VariantName = "[No Variations]"
Change component parameters (AddParameter): Name = "Voltage"; Value = "16V"; VariantName = "[No Variations]"
Added Component: Designator=SW?(DIP_Switch_2.54_DSDP02LHGET)
Added Pin To Net: NetName=CAN_N Pin=SW?-1
Added Pin To Net: NetName=CAN_FD_RX Pin=SW?-2
Added Pin To Net: NetName=PB8_BOOT0 Pin=SW?-3
Added Pin To Net: NetName=NetR7_1 Pin=SW?-4
Added Member To Class: ClassName=Logic Member=Component SW? DIPX2_swiitch
