Removed Pin From Net: NetName=SRBH_N Pin=C37-1
Removed Pin From Net: NetName=SRBH_P Pin=C37-2
Removed Pin From Net: NetName=SRAH_N Pin=C38-1
Removed Pin From Net: NetName=SRAH_P Pin=C38-2
Removed Pin From Net: NetName=SRBH_P Pin=R24-1
Removed Pin From Net: NetName=SRBH_N Pin=R25-1
Removed Pin From Net: NetName=SRAH_P Pin=R26-1
Removed Pin From Net: NetName=SRAH_N Pin=R27-1
Removed Pin From Net: NetName=SRAH_N Pin=U7-7
Removed Pin From Net: NetName=SRAH_P Pin=U7-8
Removed Pin From Net: NetName=SRBH_P Pin=U7-9
Removed Pin From Net: NetName=SRBH_N Pin=U7-10
Added Pin To Net: NetName=SRAH1_N Pin=C38-1
Added Pin To Net: NetName=SRAH1_N Pin=R27-1
Added Pin To Net: NetName=SRAH1_N Pin=U7-7
Added Net: Name=SRAH1_N
Added Pin To Net: NetName=SRAH1_P Pin=C38-2
Added Pin To Net: NetName=SRAH1_P Pin=R26-1
Added Pin To Net: NetName=SRAH1_P Pin=U7-8
Added Net: Name=SRAH1_P
Added Pin To Net: NetName=SRBH1_N Pin=C37-1
Added Pin To Net: NetName=SRBH1_N Pin=R25-1
Added Pin To Net: NetName=SRBH1_N Pin=U7-10
Added Net: Name=SRBH1_N
Added Pin To Net: NetName=SRBH1_P Pin=C37-2
Added Pin To Net: NetName=SRBH1_P Pin=R24-1
Added Pin To Net: NetName=SRBH1_P Pin=U7-9
Added Net: Name=SRBH1_P
Added Differential Pair: Name=SRAH1
Added Differential Pair: Name=SRBH1
